{"/Users/wduff/Documents/code/SmartAccess_v2/src/components/Alerts/Alerts.jsx": {"path":"/Users/wduff/Documents/code/SmartAccess_v2/src/components/Alerts/Alerts.jsx","statementMap":{"0":{"start":{"line":3,"column":15},"end":{"line":13,"column":1}},"1":{"start":{"line":4,"column":4},"end":{"line":12,"column":6}}},"fnMap":{"0":{"name":"(anonymous_0)","decl":{"start":{"line":3,"column":15},"end":{"line":3,"column":16}},"loc":{"start":{"line":3,"column":26},"end":{"line":13,"column":1}},"line":3}},"branchMap":{},"s":{"0":1,"1":8},"f":{"0":8},"b":{},"_coverageSchema":"332fd63041d2c1bcb487cc26dd0d5f7d97098a6c","hash":"3103109b56f9311157c5ffd4bb67fa8a3219ff2e"}
}
