{"/Users/wduff/Documents/code/SmartAccess_v2/src/_reducers/HeaderReducer.es6": {"path":"/Users/wduff/Documents/code/SmartAccess_v2/src/_reducers/HeaderReducer.es6","statementMap":{"0":{"start":{"line":3,"column":22},"end":{"line":10,"column":1}},"1":{"start":{"line":4,"column":2},"end":{"line":9,"column":3}},"2":{"start":{"line":6,"column":6},"end":{"line":6,"column":73}},"3":{"start":{"line":8,"column":6},"end":{"line":8,"column":19}}},"fnMap":{"0":{"name":"(anonymous_0)","decl":{"start":{"line":3,"column":22},"end":{"line":3,"column":23}},"loc":{"start":{"line":3,"column":46},"end":{"line":10,"column":1}},"line":3}},"branchMap":{"0":{"loc":{"start":{"line":3,"column":23},"end":{"line":3,"column":33}},"type":"default-arg","locations":[{"start":{"line":3,"column":31},"end":{"line":3,"column":33}}],"line":3},"1":{"loc":{"start":{"line":4,"column":2},"end":{"line":9,"column":3}},"type":"switch","locations":[{"start":{"line":5,"column":4},"end":{"line":6,"column":73}},{"start":{"line":7,"column":4},"end":{"line":8,"column":19}}],"line":4}},"s":{"0":1,"1":2,"2":1,"3":1},"f":{"0":2},"b":{"0":[1],"1":[1,1]},"_coverageSchema":"332fd63041d2c1bcb487cc26dd0d5f7d97098a6c","hash":"043e5b47a03d809f0733dc08685f019ec2316d11"}
,"/Users/wduff/Documents/code/SmartAccess_v2/src/_reducers/PatientInfoReducer.es6": {"path":"/Users/wduff/Documents/code/SmartAccess_v2/src/_reducers/PatientInfoReducer.es6","statementMap":{"0":{"start":{"line":1,"column":13},"end":{"line":1,"column":75}},"1":{"start":{"line":1,"column":89},"end":{"line":1,"column":135}},"2":{"start":{"line":1,"column":151},"end":{"line":1,"column":182}},"3":{"start":{"line":1,"column":202},"end":{"line":1,"column":237}},"4":{"start":{"line":1,"column":250},"end":{"line":1,"column":287}},"5":{"start":{"line":1,"column":327},"end":{"line":1,"column":543}},"6":{"start":{"line":1,"column":355},"end":{"line":1,"column":366}},"7":{"start":{"line":1,"column":387},"end":{"line":1,"column":389}},"8":{"start":{"line":1,"column":390},"end":{"line":1,"column":507}},"9":{"start":{"line":1,"column":408},"end":{"line":1,"column":506}},"10":{"start":{"line":1,"column":430},"end":{"line":1,"column":505}},"11":{"start":{"line":1,"column":482},"end":{"line":1,"column":505}},"12":{"start":{"line":1,"column":507},"end":{"line":1,"column":528}},"13":{"start":{"line":1,"column":528},"end":{"line":1,"column":542}},"14":{"start":{"line":1,"column":582},"end":{"line":1,"column":636}},"15":{"start":{"line":4,"column":25},"end":{"line":12,"column":1}},"16":{"start":{"line":4,"column":68},"end":{"line":4,"column":138}},"17":{"start":{"line":4,"column":152},"end":{"line":4,"column":164}},"18":{"start":{"line":5,"column":2},"end":{"line":10,"column":20}},"19":{"start":{"line":7,"column":8},"end":{"line":7,"column":78}},"20":{"start":{"line":10,"column":6},"end":{"line":10,"column":19}},"21":{"start":{"line":14,"column":0},"end":{"line":14,"column":18}},"22":{"start":{"line":14,"column":19},"end":{"line":14,"column":46}},"23":{"start":{"line":14,"column":59},"end":{"line":14,"column":422}},"24":{"start":{"line":14,"column":72},"end":{"line":14,"column":130}},"25":{"start":{"line":14,"column":122},"end":{"line":14,"column":129}},"26":{"start":{"line":14,"column":130},"end":{"line":14,"column":285}},"27":{"start":{"line":14,"column":285},"end":{"line":14,"column":419}}},"fnMap":{"0":{"name":"_interopRequireWildcard","decl":{"start":{"line":1,"column":297},"end":{"line":1,"column":320}},"loc":{"start":{"line":1,"column":326},"end":{"line":1,"column":544}},"line":1},"1":{"name":"_interopRequireDefault","decl":{"start":{"line":1,"column":553},"end":{"line":1,"column":575}},"loc":{"start":{"line":1,"column":581},"end":{"line":1,"column":637}},"line":1},"2":{"name":"patientInfoReducer","decl":{"start":{"line":4,"column":34},"end":{"line":4,"column":52}},"loc":{"start":{"line":4,"column":55},"end":{"line":12,"column":1}},"line":4},"3":{"name":"(anonymous_3)","decl":{"start":{"line":14,"column":59},"end":{"line":14,"column":60}},"loc":{"start":{"line":14,"column":71},"end":{"line":14,"column":420}},"line":14}},"branchMap":{"0":{"loc":{"start":{"line":1,"column":327},"end":{"line":1,"column":543}},"type":"if","locations":[{"start":{"line":1,"column":327},"end":{"line":1,"column":543}},{"start":{"line":1,"column":327},"end":{"line":1,"column":543}}],"line":1},"1":{"loc":{"start":{"line":1,"column":331},"end":{"line":1,"column":352}},"type":"binary-expr","locations":[{"start":{"line":1,"column":331},"end":{"line":1,"column":334}},{"start":{"line":1,"column":338},"end":{"line":1,"column":352}}],"line":1},"2":{"loc":{"start":{"line":1,"column":390},"end":{"line":1,"column":507}},"type":"if","locations":[{"start":{"line":1,"column":390},"end":{"line":1,"column":507}},{"start":{"line":1,"column":390},"end":{"line":1,"column":507}}],"line":1},"3":{"loc":{"start":{"line":1,"column":430},"end":{"line":1,"column":505}},"type":"if","locations":[{"start":{"line":1,"column":430},"end":{"line":1,"column":505}},{"start":{"line":1,"column":430},"end":{"line":1,"column":505}}],"line":1},"4":{"loc":{"start":{"line":1,"column":589},"end":{"line":1,"column":635}},"type":"cond-expr","locations":[{"start":{"line":1,"column":613},"end":{"line":1,"column":616}},{"start":{"line":1,"column":619},"end":{"line":1,"column":635}}],"line":1},"5":{"loc":{"start":{"line":1,"column":589},"end":{"line":1,"column":610}},"type":"binary-expr","locations":[{"start":{"line":1,"column":589},"end":{"line":1,"column":592}},{"start":{"line":1,"column":596},"end":{"line":1,"column":610}}],"line":1},"6":{"loc":{"start":{"line":4,"column":68},"end":{"line":4,"column":138}},"type":"cond-expr","locations":[{"start":{"line":4,"column":121},"end":{"line":4,"column":133}},{"start":{"line":4,"column":136},"end":{"line":4,"column":138}}],"line":4},"7":{"loc":{"start":{"line":4,"column":68},"end":{"line":4,"column":118}},"type":"binary-expr","locations":[{"start":{"line":4,"column":68},"end":{"line":4,"column":88}},{"start":{"line":4,"column":92},"end":{"line":4,"column":118}}],"line":4},"8":{"loc":{"start":{"line":5,"column":2},"end":{"line":10,"column":20}},"type":"switch","locations":[{"start":{"line":6,"column":4},"end":{"line":8,"column":7}},{"start":{"line":9,"column":4},"end":{"line":10,"column":19}}],"line":5},"9":{"loc":{"start":{"line":14,"column":72},"end":{"line":14,"column":130}},"type":"if","locations":[{"start":{"line":14,"column":72},"end":{"line":14,"column":130}},{"start":{"line":14,"column":72},"end":{"line":14,"column":130}}],"line":14}},"s":{"0":0,"1":0,"2":0,"3":0,"4":0,"5":0,"6":0,"7":0,"8":0,"9":0,"10":0,"11":0,"12":0,"13":0,"14":0,"15":0,"16":0,"17":0,"18":0,"19":0,"20":0,"21":0,"22":0,"23":0,"24":0,"25":0,"26":0,"27":0},"f":{"0":0,"1":0,"2":0,"3":0},"b":{"0":[0,0],"1":[0,0],"2":[0,0],"3":[0,0],"4":[0,0],"5":[0,0],"6":[0,0],"7":[0,0],"8":[0,0],"9":[0,0]}}
,"/Users/wduff/Documents/code/SmartAccess_v2/src/_reducers/RouteReducer.es6": {"path":"/Users/wduff/Documents/code/SmartAccess_v2/src/_reducers/RouteReducer.es6","statementMap":{"0":{"start":{"line":1,"column":13},"end":{"line":1,"column":75}},"1":{"start":{"line":1,"column":94},"end":{"line":1,"column":129}},"2":{"start":{"line":1,"column":142},"end":{"line":1,"column":179}},"3":{"start":{"line":2,"column":15},"end":{"line":2,"column":45}},"4":{"start":{"line":2,"column":62},"end":{"line":2,"column":94}},"5":{"start":{"line":2,"column":133},"end":{"line":2,"column":187}},"6":{"start":{"line":2,"column":227},"end":{"line":2,"column":443}},"7":{"start":{"line":2,"column":255},"end":{"line":2,"column":266}},"8":{"start":{"line":2,"column":287},"end":{"line":2,"column":289}},"9":{"start":{"line":2,"column":290},"end":{"line":2,"column":407}},"10":{"start":{"line":2,"column":308},"end":{"line":2,"column":406}},"11":{"start":{"line":2,"column":330},"end":{"line":2,"column":405}},"12":{"start":{"line":2,"column":382},"end":{"line":2,"column":405}},"13":{"start":{"line":2,"column":407},"end":{"line":2,"column":428}},"14":{"start":{"line":2,"column":428},"end":{"line":2,"column":442}},"15":{"start":{"line":4,"column":19},"end":{"line":12,"column":1}},"16":{"start":{"line":4,"column":56},"end":{"line":4,"column":126}},"17":{"start":{"line":4,"column":140},"end":{"line":4,"column":152}},"18":{"start":{"line":5,"column":2},"end":{"line":10,"column":20}},"19":{"start":{"line":7,"column":6},"end":{"line":7,"column":48}},"20":{"start":{"line":8,"column":6},"end":{"line":8,"column":19}},"21":{"start":{"line":10,"column":6},"end":{"line":10,"column":19}},"22":{"start":{"line":14,"column":0},"end":{"line":14,"column":12}},"23":{"start":{"line":14,"column":13},"end":{"line":14,"column":40}},"24":{"start":{"line":14,"column":53},"end":{"line":14,"column":392}},"25":{"start":{"line":14,"column":66},"end":{"line":14,"column":124}},"26":{"start":{"line":14,"column":116},"end":{"line":14,"column":123}},"27":{"start":{"line":14,"column":124},"end":{"line":14,"column":261}},"28":{"start":{"line":14,"column":261},"end":{"line":14,"column":389}}},"fnMap":{"0":{"name":"_interopRequireDefault","decl":{"start":{"line":2,"column":104},"end":{"line":2,"column":126}},"loc":{"start":{"line":2,"column":132},"end":{"line":2,"column":188}},"line":2},"1":{"name":"_interopRequireWildcard","decl":{"start":{"line":2,"column":197},"end":{"line":2,"column":220}},"loc":{"start":{"line":2,"column":226},"end":{"line":2,"column":444}},"line":2},"2":{"name":"routeReducer","decl":{"start":{"line":4,"column":28},"end":{"line":4,"column":40}},"loc":{"start":{"line":4,"column":43},"end":{"line":12,"column":1}},"line":4},"3":{"name":"(anonymous_3)","decl":{"start":{"line":14,"column":53},"end":{"line":14,"column":54}},"loc":{"start":{"line":14,"column":65},"end":{"line":14,"column":390}},"line":14}},"branchMap":{"0":{"loc":{"start":{"line":2,"column":140},"end":{"line":2,"column":186}},"type":"cond-expr","locations":[{"start":{"line":2,"column":164},"end":{"line":2,"column":167}},{"start":{"line":2,"column":170},"end":{"line":2,"column":186}}],"line":2},"1":{"loc":{"start":{"line":2,"column":140},"end":{"line":2,"column":161}},"type":"binary-expr","locations":[{"start":{"line":2,"column":140},"end":{"line":2,"column":143}},{"start":{"line":2,"column":147},"end":{"line":2,"column":161}}],"line":2},"2":{"loc":{"start":{"line":2,"column":227},"end":{"line":2,"column":443}},"type":"if","locations":[{"start":{"line":2,"column":227},"end":{"line":2,"column":443}},{"start":{"line":2,"column":227},"end":{"line":2,"column":443}}],"line":2},"3":{"loc":{"start":{"line":2,"column":231},"end":{"line":2,"column":252}},"type":"binary-expr","locations":[{"start":{"line":2,"column":231},"end":{"line":2,"column":234}},{"start":{"line":2,"column":238},"end":{"line":2,"column":252}}],"line":2},"4":{"loc":{"start":{"line":2,"column":290},"end":{"line":2,"column":407}},"type":"if","locations":[{"start":{"line":2,"column":290},"end":{"line":2,"column":407}},{"start":{"line":2,"column":290},"end":{"line":2,"column":407}}],"line":2},"5":{"loc":{"start":{"line":2,"column":330},"end":{"line":2,"column":405}},"type":"if","locations":[{"start":{"line":2,"column":330},"end":{"line":2,"column":405}},{"start":{"line":2,"column":330},"end":{"line":2,"column":405}}],"line":2},"6":{"loc":{"start":{"line":4,"column":56},"end":{"line":4,"column":126}},"type":"cond-expr","locations":[{"start":{"line":4,"column":109},"end":{"line":4,"column":121}},{"start":{"line":4,"column":124},"end":{"line":4,"column":126}}],"line":4},"7":{"loc":{"start":{"line":4,"column":56},"end":{"line":4,"column":106}},"type":"binary-expr","locations":[{"start":{"line":4,"column":56},"end":{"line":4,"column":76}},{"start":{"line":4,"column":80},"end":{"line":4,"column":106}}],"line":4},"8":{"loc":{"start":{"line":5,"column":2},"end":{"line":10,"column":20}},"type":"switch","locations":[{"start":{"line":6,"column":4},"end":{"line":8,"column":19}},{"start":{"line":9,"column":4},"end":{"line":10,"column":19}}],"line":5},"9":{"loc":{"start":{"line":14,"column":66},"end":{"line":14,"column":124}},"type":"if","locations":[{"start":{"line":14,"column":66},"end":{"line":14,"column":124}},{"start":{"line":14,"column":66},"end":{"line":14,"column":124}}],"line":14}},"s":{"0":0,"1":0,"2":0,"3":0,"4":0,"5":0,"6":0,"7":0,"8":0,"9":0,"10":0,"11":0,"12":0,"13":0,"14":0,"15":0,"16":0,"17":0,"18":0,"19":0,"20":0,"21":0,"22":0,"23":0,"24":0,"25":0,"26":0,"27":0,"28":0},"f":{"0":0,"1":0,"2":0,"3":0},"b":{"0":[0,0],"1":[0,0],"2":[0,0],"3":[0,0],"4":[0,0],"5":[0,0],"6":[0,0],"7":[0,0],"8":[0,0],"9":[0,0]}}
,"/Users/wduff/Documents/code/SmartAccess_v2/src/_reducers/SessionReducer.es6": {"path":"/Users/wduff/Documents/code/SmartAccess_v2/src/_reducers/SessionReducer.es6","statementMap":{"0":{"start":{"line":4,"column":23},"end":{"line":48,"column":1}},"1":{"start":{"line":5,"column":2},"end":{"line":47,"column":3}},"2":{"start":{"line":7,"column":6},"end":{"line":7,"column":61}},"3":{"start":{"line":9,"column":6},"end":{"line":9,"column":62}},"4":{"start":{"line":11,"column":6},"end":{"line":11,"column":63}},"5":{"start":{"line":13,"column":6},"end":{"line":13,"column":65}},"6":{"start":{"line":15,"column":6},"end":{"line":15,"column":82}},"7":{"start":{"line":17,"column":6},"end":{"line":17,"column":60}},"8":{"start":{"line":19,"column":6},"end":{"line":19,"column":83}},"9":{"start":{"line":21,"column":6},"end":{"line":21,"column":108}},"10":{"start":{"line":23,"column":6},"end":{"line":23,"column":74}},"11":{"start":{"line":25,"column":21},"end":{"line":25,"column":45}},"12":{"start":{"line":26,"column":6},"end":{"line":26,"column":46}},"13":{"start":{"line":27,"column":6},"end":{"line":27,"column":36}},"14":{"start":{"line":28,"column":6},"end":{"line":28,"column":48}},"15":{"start":{"line":31,"column":21},"end":{"line":31,"column":45}},"16":{"start":{"line":32,"column":17},"end":{"line":32,"column":53}},"17":{"start":{"line":33,"column":6},"end":{"line":33,"column":27}},"18":{"start":{"line":34,"column":6},"end":{"line":34,"column":38}},"19":{"start":{"line":35,"column":6},"end":{"line":35,"column":48}},"20":{"start":{"line":38,"column":21},"end":{"line":38,"column":76}},"21":{"start":{"line":39,"column":6},"end":{"line":39,"column":22}},"22":{"start":{"line":42,"column":21},"end":{"line":42,"column":68}},"23":{"start":{"line":43,"column":6},"end":{"line":43,"column":22}},"24":{"start":{"line":46,"column":6},"end":{"line":46,"column":19}}},"fnMap":{"0":{"name":"(anonymous_0)","decl":{"start":{"line":4,"column":23},"end":{"line":4,"column":24}},"loc":{"start":{"line":4,"column":47},"end":{"line":48,"column":1}},"line":4}},"branchMap":{"0":{"loc":{"start":{"line":4,"column":24},"end":{"line":4,"column":34}},"type":"default-arg","locations":[{"start":{"line":4,"column":32},"end":{"line":4,"column":34}}],"line":4},"1":{"loc":{"start":{"line":5,"column":2},"end":{"line":47,"column":3}},"type":"switch","locations":[{"start":{"line":6,"column":4},"end":{"line":7,"column":61}},{"start":{"line":8,"column":4},"end":{"line":9,"column":62}},{"start":{"line":10,"column":4},"end":{"line":11,"column":63}},{"start":{"line":12,"column":4},"end":{"line":13,"column":65}},{"start":{"line":14,"column":4},"end":{"line":15,"column":82}},{"start":{"line":16,"column":4},"end":{"line":17,"column":60}},{"start":{"line":18,"column":4},"end":{"line":19,"column":83}},{"start":{"line":20,"column":4},"end":{"line":21,"column":108}},{"start":{"line":22,"column":4},"end":{"line":23,"column":74}},{"start":{"line":24,"column":4},"end":{"line":29,"column":5}},{"start":{"line":30,"column":4},"end":{"line":36,"column":5}},{"start":{"line":37,"column":4},"end":{"line":40,"column":5}},{"start":{"line":41,"column":4},"end":{"line":44,"column":5}},{"start":{"line":45,"column":4},"end":{"line":46,"column":19}}],"line":5}},"s":{"0":1,"1":12,"2":1,"3":1,"4":1,"5":1,"6":1,"7":1,"8":1,"9":1,"10":1,"11":0,"12":0,"13":0,"14":0,"15":0,"16":0,"17":0,"18":0,"19":0,"20":1,"21":1,"22":1,"23":1,"24":1},"f":{"0":12},"b":{"0":[1],"1":[1,1,1,1,1,1,1,1,1,0,0,1,1,1]},"_coverageSchema":"332fd63041d2c1bcb487cc26dd0d5f7d97098a6c","hash":"dbebd49b0221bc6cb2ac36b909f81e355c6b94d9"}
,"/Users/wduff/Documents/code/SmartAccess_v2/src/_reducers/index.es6": {"path":"/Users/wduff/Documents/code/SmartAccess_v2/src/_reducers/index.es6","statementMap":{"0":{"start":{"line":1,"column":13},"end":{"line":1,"column":75}},"1":{"start":{"line":1,"column":88},"end":{"line":1,"column":104}},"2":{"start":{"line":2,"column":21},"end":{"line":2,"column":51}},"3":{"start":{"line":2,"column":74},"end":{"line":2,"column":112}},"4":{"start":{"line":3,"column":22},"end":{"line":3,"column":53}},"5":{"start":{"line":3,"column":77},"end":{"line":3,"column":116}},"6":{"start":{"line":4,"column":20},"end":{"line":4,"column":49}},"7":{"start":{"line":4,"column":71},"end":{"line":4,"column":108}},"8":{"start":{"line":5,"column":26},"end":{"line":5,"column":61}},"9":{"start":{"line":5,"column":89},"end":{"line":5,"column":132}},"10":{"start":{"line":5,"column":171},"end":{"line":5,"column":225}},"11":{"start":{"line":6,"column":18},"end":{"line":10,"column":46}},"12":{"start":{"line":13,"column":0},"end":{"line":13,"column":11}},"13":{"start":{"line":13,"column":12},"end":{"line":13,"column":39}},"14":{"start":{"line":13,"column":52},"end":{"line":13,"column":375}},"15":{"start":{"line":13,"column":65},"end":{"line":13,"column":123}},"16":{"start":{"line":13,"column":115},"end":{"line":13,"column":122}},"17":{"start":{"line":13,"column":123},"end":{"line":13,"column":251}},"18":{"start":{"line":13,"column":251},"end":{"line":13,"column":372}}},"fnMap":{"0":{"name":"_interopRequireDefault","decl":{"start":{"line":5,"column":142},"end":{"line":5,"column":164}},"loc":{"start":{"line":5,"column":170},"end":{"line":5,"column":226}},"line":5},"1":{"name":"(anonymous_1)","decl":{"start":{"line":13,"column":52},"end":{"line":13,"column":53}},"loc":{"start":{"line":13,"column":64},"end":{"line":13,"column":373}},"line":13}},"branchMap":{"0":{"loc":{"start":{"line":5,"column":178},"end":{"line":5,"column":224}},"type":"cond-expr","locations":[{"start":{"line":5,"column":202},"end":{"line":5,"column":205}},{"start":{"line":5,"column":208},"end":{"line":5,"column":224}}],"line":5},"1":{"loc":{"start":{"line":5,"column":178},"end":{"line":5,"column":199}},"type":"binary-expr","locations":[{"start":{"line":5,"column":178},"end":{"line":5,"column":181}},{"start":{"line":5,"column":185},"end":{"line":5,"column":199}}],"line":5},"2":{"loc":{"start":{"line":13,"column":65},"end":{"line":13,"column":123}},"type":"if","locations":[{"start":{"line":13,"column":65},"end":{"line":13,"column":123}},{"start":{"line":13,"column":65},"end":{"line":13,"column":123}}],"line":13}},"s":{"0":0,"1":0,"2":0,"3":0,"4":0,"5":0,"6":0,"7":0,"8":0,"9":0,"10":0,"11":0,"12":0,"13":0,"14":0,"15":0,"16":0,"17":0,"18":0},"f":{"0":0,"1":0},"b":{"0":[0,0],"1":[0,0],"2":[0,0]}}
,"/Users/wduff/Documents/code/SmartAccess_v2/src/actions/HeaderActions.es6": {"path":"/Users/wduff/Documents/code/SmartAccess_v2/src/actions/HeaderActions.es6","statementMap":{"0":{"start":{"line":3,"column":16},"end":{"line":8,"column":1}},"1":{"start":{"line":4,"column":31},"end":{"line":7,"column":3}}},"fnMap":{"0":{"name":"(anonymous_0)","decl":{"start":{"line":4,"column":16},"end":{"line":4,"column":17}},"loc":{"start":{"line":4,"column":31},"end":{"line":7,"column":3}},"line":4}},"branchMap":{},"s":{"0":1,"1":1},"f":{"0":1},"b":{},"_coverageSchema":"332fd63041d2c1bcb487cc26dd0d5f7d97098a6c","hash":"55958bfaf7ea4187009ad69da68a0e50250d73d5"}
,"/Users/wduff/Documents/code/SmartAccess_v2/src/actions/PatientInfoActions.es6": {"path":"/Users/wduff/Documents/code/SmartAccess_v2/src/actions/PatientInfoActions.es6","statementMap":{"0":{"start":{"line":1,"column":13},"end":{"line":1,"column":75}},"1":{"start":{"line":1,"column":91},"end":{"line":1,"column":131}},"2":{"start":{"line":1,"column":148},"end":{"line":1,"column":181}},"3":{"start":{"line":1,"column":208},"end":{"line":1,"column":261}},"4":{"start":{"line":1,"column":289},"end":{"line":1,"column":332}},"5":{"start":{"line":2,"column":15},"end":{"line":2,"column":51}},"6":{"start":{"line":2,"column":68},"end":{"line":2,"column":100}},"7":{"start":{"line":3,"column":19},"end":{"line":3,"column":54}},"8":{"start":{"line":3,"column":67},"end":{"line":3,"column":104}},"9":{"start":{"line":3,"column":144},"end":{"line":3,"column":360}},"10":{"start":{"line":3,"column":172},"end":{"line":3,"column":183}},"11":{"start":{"line":3,"column":204},"end":{"line":3,"column":206}},"12":{"start":{"line":3,"column":207},"end":{"line":3,"column":324}},"13":{"start":{"line":3,"column":225},"end":{"line":3,"column":323}},"14":{"start":{"line":3,"column":247},"end":{"line":3,"column":322}},"15":{"start":{"line":3,"column":299},"end":{"line":3,"column":322}},"16":{"start":{"line":3,"column":324},"end":{"line":3,"column":345}},"17":{"start":{"line":3,"column":345},"end":{"line":3,"column":359}},"18":{"start":{"line":3,"column":399},"end":{"line":3,"column":453}},"19":{"start":{"line":5,"column":14},"end":{"line":13,"column":22}},"20":{"start":{"line":7,"column":49},"end":{"line":9,"column":19}},"21":{"start":{"line":11,"column":63},"end":{"line":13,"column":19}},"22":{"start":{"line":17,"column":13},"end":{"line":25,"column":5}},"23":{"start":{"line":19,"column":4},"end":{"line":24,"column":6}},"24":{"start":{"line":21,"column":20},"end":{"line":21,"column":74}},"25":{"start":{"line":23,"column":6},"end":{"line":23,"column":48}},"26":{"start":{"line":25,"column":21},"end":{"line":31,"column":7}},"27":{"start":{"line":31,"column":8},"end":{"line":31,"column":35}},"28":{"start":{"line":31,"column":48},"end":{"line":31,"column":514}},"29":{"start":{"line":31,"column":61},"end":{"line":31,"column":119}},"30":{"start":{"line":31,"column":111},"end":{"line":31,"column":118}},"31":{"start":{"line":31,"column":119},"end":{"line":31,"column":250}},"32":{"start":{"line":31,"column":250},"end":{"line":31,"column":379}},"33":{"start":{"line":31,"column":379},"end":{"line":31,"column":511}}},"fnMap":{"0":{"name":"_interopRequireWildcard","decl":{"start":{"line":3,"column":114},"end":{"line":3,"column":137}},"loc":{"start":{"line":3,"column":143},"end":{"line":3,"column":361}},"line":3},"1":{"name":"_interopRequireDefault","decl":{"start":{"line":3,"column":370},"end":{"line":3,"column":392}},"loc":{"start":{"line":3,"column":398},"end":{"line":3,"column":454}},"line":3},"2":{"name":"getPatientInfo","decl":{"start":{"line":7,"column":27},"end":{"line":7,"column":41}},"loc":{"start":{"line":7,"column":48},"end":{"line":9,"column":20}},"line":7},"3":{"name":"getPatientInfoSuccess","decl":{"start":{"line":11,"column":34},"end":{"line":11,"column":55}},"loc":{"start":{"line":11,"column":62},"end":{"line":13,"column":20}},"line":11},"4":{"name":"getPatientInfo","decl":{"start":{"line":18,"column":27},"end":{"line":18,"column":41}},"loc":{"start":{"line":18,"column":53},"end":{"line":25,"column":3}},"line":18},"5":{"name":"(anonymous_5)","decl":{"start":{"line":19,"column":11},"end":{"line":19,"column":12}},"loc":{"start":{"line":19,"column":31},"end":{"line":24,"column":5}},"line":19},"6":{"name":"(anonymous_6)","decl":{"start":{"line":31,"column":48},"end":{"line":31,"column":49}},"loc":{"start":{"line":31,"column":60},"end":{"line":31,"column":512}},"line":31}},"branchMap":{"0":{"loc":{"start":{"line":3,"column":144},"end":{"line":3,"column":360}},"type":"if","locations":[{"start":{"line":3,"column":144},"end":{"line":3,"column":360}},{"start":{"line":3,"column":144},"end":{"line":3,"column":360}}],"line":3},"1":{"loc":{"start":{"line":3,"column":148},"end":{"line":3,"column":169}},"type":"binary-expr","locations":[{"start":{"line":3,"column":148},"end":{"line":3,"column":151}},{"start":{"line":3,"column":155},"end":{"line":3,"column":169}}],"line":3},"2":{"loc":{"start":{"line":3,"column":207},"end":{"line":3,"column":324}},"type":"if","locations":[{"start":{"line":3,"column":207},"end":{"line":3,"column":324}},{"start":{"line":3,"column":207},"end":{"line":3,"column":324}}],"line":3},"3":{"loc":{"start":{"line":3,"column":247},"end":{"line":3,"column":322}},"type":"if","locations":[{"start":{"line":3,"column":247},"end":{"line":3,"column":322}},{"start":{"line":3,"column":247},"end":{"line":3,"column":322}}],"line":3},"4":{"loc":{"start":{"line":3,"column":406},"end":{"line":3,"column":452}},"type":"cond-expr","locations":[{"start":{"line":3,"column":430},"end":{"line":3,"column":433}},{"start":{"line":3,"column":436},"end":{"line":3,"column":452}}],"line":3},"5":{"loc":{"start":{"line":3,"column":406},"end":{"line":3,"column":427}},"type":"binary-expr","locations":[{"start":{"line":3,"column":406},"end":{"line":3,"column":409}},{"start":{"line":3,"column":413},"end":{"line":3,"column":427}}],"line":3},"6":{"loc":{"start":{"line":31,"column":61},"end":{"line":31,"column":119}},"type":"if","locations":[{"start":{"line":31,"column":61},"end":{"line":31,"column":119}},{"start":{"line":31,"column":61},"end":{"line":31,"column":119}}],"line":31}},"s":{"0":0,"1":0,"2":0,"3":0,"4":0,"5":0,"6":0,"7":0,"8":0,"9":0,"10":0,"11":0,"12":0,"13":0,"14":0,"15":0,"16":0,"17":0,"18":0,"19":0,"20":0,"21":0,"22":0,"23":0,"24":0,"25":0,"26":0,"27":0,"28":0,"29":0,"30":0,"31":0,"32":0,"33":0},"f":{"0":0,"1":0,"2":0,"3":0,"4":0,"5":0,"6":0},"b":{"0":[0,0],"1":[0,0],"2":[0,0],"3":[0,0],"4":[0,0],"5":[0,0],"6":[0,0]}}
,"/Users/wduff/Documents/code/SmartAccess_v2/src/actions/SessionActions.es6": {"path":"/Users/wduff/Documents/code/SmartAccess_v2/src/actions/SessionActions.es6","statementMap":{"0":{"start":{"line":9,"column":16},"end":{"line":71,"column":1}},"1":{"start":{"line":10,"column":23},"end":{"line":12,"column":3}},"2":{"start":{"line":13,"column":22},"end":{"line":15,"column":3}},"3":{"start":{"line":16,"column":25},"end":{"line":19,"column":3}},"4":{"start":{"line":20,"column":32},"end":{"line":23,"column":3}},"5":{"start":{"line":24,"column":28},"end":{"line":27,"column":3}},"6":{"start":{"line":28,"column":31},"end":{"line":31,"column":3}},"7":{"start":{"line":32,"column":23},"end":{"line":35,"column":3}},"8":{"start":{"line":36,"column":25},"end":{"line":39,"column":3}},"9":{"start":{"line":40,"column":21},"end":{"line":43,"column":3}},"10":{"start":{"line":44,"column":26},"end":{"line":47,"column":3}},"11":{"start":{"line":48,"column":28},"end":{"line":51,"column":3}},"12":{"start":{"line":52,"column":31},"end":{"line":55,"column":3}},"13":{"start":{"line":56,"column":33},"end":{"line":59,"column":3}},"14":{"start":{"line":60,"column":30},"end":{"line":63,"column":3}},"15":{"start":{"line":64,"column":23},"end":{"line":67,"column":3}},"16":{"start":{"line":68,"column":20},"end":{"line":70,"column":3}},"17":{"start":{"line":73,"column":15},"end":{"line":107,"column":1}},"18":{"start":{"line":75,"column":4},"end":{"line":81,"column":6}},"19":{"start":{"line":77,"column":20},"end":{"line":77,"column":22}},"20":{"start":{"line":78,"column":24},"end":{"line":78,"column":60}},"21":{"start":{"line":79,"column":6},"end":{"line":79,"column":58}},"22":{"start":{"line":80,"column":6},"end":{"line":80,"column":36}},"23":{"start":{"line":84,"column":4},"end":{"line":90,"column":6}},"24":{"start":{"line":85,"column":31},"end":{"line":85,"column":35}},"25":{"start":{"line":86,"column":24},"end":{"line":86,"column":64}},"26":{"start":{"line":87,"column":6},"end":{"line":87,"column":56}},"27":{"start":{"line":88,"column":6},"end":{"line":88,"column":36}},"28":{"start":{"line":93,"column":4},"end":{"line":98,"column":6}},"29":{"start":{"line":94,"column":6},"end":{"line":94,"column":42}},"30":{"start":{"line":95,"column":6},"end":{"line":95,"column":52}},"31":{"start":{"line":96,"column":6},"end":{"line":96,"column":40}},"32":{"start":{"line":97,"column":6},"end":{"line":97,"column":62}},"33":{"start":{"line":101,"column":4},"end":{"line":105,"column":6}},"34":{"start":{"line":102,"column":24},"end":{"line":102,"column":77}},"35":{"start":{"line":103,"column":6},"end":{"line":103,"column":64}},"36":{"start":{"line":104,"column":6},"end":{"line":104,"column":36}}},"fnMap":{"0":{"name":"(anonymous_0)","decl":{"start":{"line":10,"column":16},"end":{"line":10,"column":17}},"loc":{"start":{"line":10,"column":23},"end":{"line":12,"column":3}},"line":10},"1":{"name":"(anonymous_1)","decl":{"start":{"line":13,"column":15},"end":{"line":13,"column":16}},"loc":{"start":{"line":13,"column":22},"end":{"line":15,"column":3}},"line":13},"2":{"name":"(anonymous_2)","decl":{"start":{"line":16,"column":16},"end":{"line":16,"column":17}},"loc":{"start":{"line":16,"column":25},"end":{"line":19,"column":3}},"line":16},"3":{"name":"(anonymous_3)","decl":{"start":{"line":20,"column":23},"end":{"line":20,"column":24}},"loc":{"start":{"line":20,"column":32},"end":{"line":23,"column":3}},"line":20},"4":{"name":"(anonymous_4)","decl":{"start":{"line":24,"column":20},"end":{"line":24,"column":21}},"loc":{"start":{"line":24,"column":28},"end":{"line":27,"column":3}},"line":24},"5":{"name":"(anonymous_5)","decl":{"start":{"line":28,"column":23},"end":{"line":28,"column":24}},"loc":{"start":{"line":28,"column":31},"end":{"line":31,"column":3}},"line":28},"6":{"name":"(anonymous_6)","decl":{"start":{"line":32,"column":14},"end":{"line":32,"column":15}},"loc":{"start":{"line":32,"column":23},"end":{"line":35,"column":3}},"line":32},"7":{"name":"(anonymous_7)","decl":{"start":{"line":36,"column":16},"end":{"line":36,"column":17}},"loc":{"start":{"line":36,"column":25},"end":{"line":39,"column":3}},"line":36},"8":{"name":"(anonymous_8)","decl":{"start":{"line":40,"column":13},"end":{"line":40,"column":14}},"loc":{"start":{"line":40,"column":21},"end":{"line":43,"column":3}},"line":40},"9":{"name":"(anonymous_9)","decl":{"start":{"line":44,"column":17},"end":{"line":44,"column":18}},"loc":{"start":{"line":44,"column":26},"end":{"line":47,"column":3}},"line":44},"10":{"name":"(anonymous_10)","decl":{"start":{"line":48,"column":19},"end":{"line":48,"column":20}},"loc":{"start":{"line":48,"column":28},"end":{"line":51,"column":3}},"line":48},"11":{"name":"(anonymous_11)","decl":{"start":{"line":52,"column":22},"end":{"line":52,"column":23}},"loc":{"start":{"line":52,"column":31},"end":{"line":55,"column":3}},"line":52},"12":{"name":"(anonymous_12)","decl":{"start":{"line":56,"column":24},"end":{"line":56,"column":25}},"loc":{"start":{"line":56,"column":33},"end":{"line":59,"column":3}},"line":56},"13":{"name":"(anonymous_13)","decl":{"start":{"line":60,"column":21},"end":{"line":60,"column":22}},"loc":{"start":{"line":60,"column":30},"end":{"line":63,"column":3}},"line":60},"14":{"name":"(anonymous_14)","decl":{"start":{"line":64,"column":13},"end":{"line":64,"column":14}},"loc":{"start":{"line":64,"column":23},"end":{"line":67,"column":3}},"line":64},"15":{"name":"(anonymous_15)","decl":{"start":{"line":68,"column":13},"end":{"line":68,"column":14}},"loc":{"start":{"line":68,"column":20},"end":{"line":70,"column":3}},"line":68},"16":{"name":"(anonymous_16)","decl":{"start":{"line":74,"column":21},"end":{"line":74,"column":22}},"loc":{"start":{"line":74,"column":27},"end":{"line":82,"column":3}},"line":74},"17":{"name":"(anonymous_17)","decl":{"start":{"line":75,"column":11},"end":{"line":75,"column":12}},"loc":{"start":{"line":75,"column":23},"end":{"line":81,"column":5}},"line":75},"18":{"name":"(anonymous_18)","decl":{"start":{"line":83,"column":19},"end":{"line":83,"column":20}},"loc":{"start":{"line":83,"column":27},"end":{"line":91,"column":3}},"line":83},"19":{"name":"(anonymous_19)","decl":{"start":{"line":84,"column":11},"end":{"line":84,"column":12}},"loc":{"start":{"line":84,"column":23},"end":{"line":90,"column":5}},"line":84},"20":{"name":"(anonymous_20)","decl":{"start":{"line":92,"column":20},"end":{"line":92,"column":21}},"loc":{"start":{"line":92,"column":26},"end":{"line":99,"column":3}},"line":92},"21":{"name":"(anonymous_21)","decl":{"start":{"line":93,"column":11},"end":{"line":93,"column":12}},"loc":{"start":{"line":93,"column":23},"end":{"line":98,"column":5}},"line":93},"22":{"name":"(anonymous_22)","decl":{"start":{"line":100,"column":27},"end":{"line":100,"column":28}},"loc":{"start":{"line":100,"column":52},"end":{"line":106,"column":3}},"line":100},"23":{"name":"(anonymous_23)","decl":{"start":{"line":101,"column":11},"end":{"line":101,"column":12}},"loc":{"start":{"line":101,"column":23},"end":{"line":105,"column":5}},"line":101}},"branchMap":{},"s":{"0":1,"1":0,"2":0,"3":1,"4":1,"5":1,"6":1,"7":1,"8":1,"9":1,"10":1,"11":0,"12":1,"13":0,"14":1,"15":1,"16":1,"17":1,"18":0,"19":0,"20":0,"21":0,"22":0,"23":0,"24":0,"25":0,"26":0,"27":0,"28":0,"29":0,"30":0,"31":0,"32":0,"33":0,"34":0,"35":0,"36":0},"f":{"0":0,"1":0,"2":1,"3":1,"4":1,"5":1,"6":1,"7":1,"8":1,"9":1,"10":0,"11":1,"12":0,"13":1,"14":1,"15":1,"16":0,"17":0,"18":0,"19":0,"20":0,"21":0,"22":0,"23":0},"b":{},"_coverageSchema":"332fd63041d2c1bcb487cc26dd0d5f7d97098a6c","hash":"649dc4b2f62cce153d7b5aabb54f9f7ce442bf03"}
,"/Users/wduff/Documents/code/SmartAccess_v2/src/actions/routeActions.es6": {"path":"/Users/wduff/Documents/code/SmartAccess_v2/src/actions/routeActions.es6","statementMap":{"0":{"start":{"line":3,"column":16},"end":{"line":8,"column":1}},"1":{"start":{"line":4,"column":24},"end":{"line":7,"column":3}}},"fnMap":{"0":{"name":"(anonymous_0)","decl":{"start":{"line":4,"column":15},"end":{"line":4,"column":16}},"loc":{"start":{"line":4,"column":24},"end":{"line":7,"column":3}},"line":4}},"branchMap":{},"s":{"0":1,"1":0},"f":{"0":0},"b":{},"_coverageSchema":"332fd63041d2c1bcb487cc26dd0d5f7d97098a6c","hash":"07f6c68b4f2006bb8ba80bf59b8f04511c0b3cac"}
,"/Users/wduff/Documents/code/SmartAccess_v2/src/components/Alerts/Alerts.jsx": {"path":"/Users/wduff/Documents/code/SmartAccess_v2/src/components/Alerts/Alerts.jsx","statementMap":{"0":{"start":{"line":4,"column":15},"end":{"line":19,"column":1}},"1":{"start":{"line":6,"column":4},"end":{"line":10,"column":6}},"2":{"start":{"line":12,"column":4},"end":{"line":18,"column":6}}},"fnMap":{"0":{"name":"(anonymous_0)","decl":{"start":{"line":4,"column":15},"end":{"line":4,"column":16}},"loc":{"start":{"line":4,"column":26},"end":{"line":19,"column":1}},"line":4}},"branchMap":{},"s":{"0":1,"1":8,"2":8},"f":{"0":8},"b":{},"_coverageSchema":"332fd63041d2c1bcb487cc26dd0d5f7d97098a6c","hash":"e93ae0874ad1139bcea1c9c039cdae5472c836f4"}
,"/Users/wduff/Documents/code/SmartAccess_v2/src/components/Alerts/index.es6": {"path":"/Users/wduff/Documents/code/SmartAccess_v2/src/components/Alerts/index.es6","statementMap":{"0":{"start":{"line":1,"column":13},"end":{"line":1,"column":75}},"1":{"start":{"line":1,"column":89},"end":{"line":1,"column":108}},"2":{"start":{"line":1,"column":124},"end":{"line":1,"column":155}},"3":{"start":{"line":1,"column":194},"end":{"line":1,"column":248}},"4":{"start":{"line":1,"column":264},"end":{"line":1,"column":280}},"5":{"start":{"line":1,"column":281},"end":{"line":1,"column":308}},"6":{"start":{"line":1,"column":321},"end":{"line":1,"column":524}},"7":{"start":{"line":1,"column":334},"end":{"line":1,"column":392}},"8":{"start":{"line":1,"column":384},"end":{"line":1,"column":391}},"9":{"start":{"line":1,"column":392},"end":{"line":1,"column":521}}},"fnMap":{"0":{"name":"_interopRequireDefault","decl":{"start":{"line":1,"column":165},"end":{"line":1,"column":187}},"loc":{"start":{"line":1,"column":193},"end":{"line":1,"column":249}},"line":1},"1":{"name":"(anonymous_1)","decl":{"start":{"line":1,"column":321},"end":{"line":1,"column":322}},"loc":{"start":{"line":1,"column":333},"end":{"line":1,"column":522}},"line":1}},"branchMap":{"0":{"loc":{"start":{"line":1,"column":201},"end":{"line":1,"column":247}},"type":"cond-expr","locations":[{"start":{"line":1,"column":225},"end":{"line":1,"column":228}},{"start":{"line":1,"column":231},"end":{"line":1,"column":247}}],"line":1},"1":{"loc":{"start":{"line":1,"column":201},"end":{"line":1,"column":222}},"type":"binary-expr","locations":[{"start":{"line":1,"column":201},"end":{"line":1,"column":204}},{"start":{"line":1,"column":208},"end":{"line":1,"column":222}}],"line":1},"2":{"loc":{"start":{"line":1,"column":334},"end":{"line":1,"column":392}},"type":"if","locations":[{"start":{"line":1,"column":334},"end":{"line":1,"column":392}},{"start":{"line":1,"column":334},"end":{"line":1,"column":392}}],"line":1}},"s":{"0":0,"1":0,"2":0,"3":0,"4":0,"5":0,"6":0,"7":0,"8":0,"9":0},"f":{"0":0,"1":0},"b":{"0":[0,0],"1":[0,0],"2":[0,0]}}
,"/Users/wduff/Documents/code/SmartAccess_v2/src/components/Body/Body.jsx": {"path":"/Users/wduff/Documents/code/SmartAccess_v2/src/components/Body/Body.jsx","statementMap":{"0":{"start":{"line":6,"column":13},"end":{"line":16,"column":1}},"1":{"start":{"line":7,"column":2},"end":{"line":9,"column":4}},"2":{"start":{"line":11,"column":2},"end":{"line":15,"column":4}}},"fnMap":{"0":{"name":"(anonymous_0)","decl":{"start":{"line":6,"column":13},"end":{"line":6,"column":14}},"loc":{"start":{"line":6,"column":22},"end":{"line":16,"column":1}},"line":6}},"branchMap":{},"s":{"0":1,"1":2,"2":2},"f":{"0":2},"b":{},"_coverageSchema":"332fd63041d2c1bcb487cc26dd0d5f7d97098a6c","hash":"f4cc95d1e1322e2bc2723f26afc06b5ceafadd0d"}
,"/Users/wduff/Documents/code/SmartAccess_v2/src/components/Body/index.es6": {"path":"/Users/wduff/Documents/code/SmartAccess_v2/src/components/Body/index.es6","statementMap":{"0":{"start":{"line":1,"column":13},"end":{"line":1,"column":75}},"1":{"start":{"line":1,"column":87},"end":{"line":1,"column":104}},"2":{"start":{"line":1,"column":118},"end":{"line":1,"column":147}},"3":{"start":{"line":1,"column":186},"end":{"line":1,"column":240}},"4":{"start":{"line":1,"column":256},"end":{"line":1,"column":270}},"5":{"start":{"line":1,"column":271},"end":{"line":1,"column":298}},"6":{"start":{"line":1,"column":311},"end":{"line":1,"column":512}},"7":{"start":{"line":1,"column":324},"end":{"line":1,"column":382}},"8":{"start":{"line":1,"column":374},"end":{"line":1,"column":381}},"9":{"start":{"line":1,"column":382},"end":{"line":1,"column":509}}},"fnMap":{"0":{"name":"_interopRequireDefault","decl":{"start":{"line":1,"column":157},"end":{"line":1,"column":179}},"loc":{"start":{"line":1,"column":185},"end":{"line":1,"column":241}},"line":1},"1":{"name":"(anonymous_1)","decl":{"start":{"line":1,"column":311},"end":{"line":1,"column":312}},"loc":{"start":{"line":1,"column":323},"end":{"line":1,"column":510}},"line":1}},"branchMap":{"0":{"loc":{"start":{"line":1,"column":193},"end":{"line":1,"column":239}},"type":"cond-expr","locations":[{"start":{"line":1,"column":217},"end":{"line":1,"column":220}},{"start":{"line":1,"column":223},"end":{"line":1,"column":239}}],"line":1},"1":{"loc":{"start":{"line":1,"column":193},"end":{"line":1,"column":214}},"type":"binary-expr","locations":[{"start":{"line":1,"column":193},"end":{"line":1,"column":196}},{"start":{"line":1,"column":200},"end":{"line":1,"column":214}}],"line":1},"2":{"loc":{"start":{"line":1,"column":324},"end":{"line":1,"column":382}},"type":"if","locations":[{"start":{"line":1,"column":324},"end":{"line":1,"column":382}},{"start":{"line":1,"column":324},"end":{"line":1,"column":382}}],"line":1}},"s":{"0":0,"1":0,"2":0,"3":0,"4":0,"5":0,"6":0,"7":0,"8":0,"9":0},"f":{"0":0,"1":0},"b":{"0":[0,0],"1":[0,0],"2":[0,0]}}
,"/Users/wduff/Documents/code/SmartAccess_v2/src/components/Confirm/Confirm.jsx": {"path":"/Users/wduff/Documents/code/SmartAccess_v2/src/components/Confirm/Confirm.jsx","statementMap":{"0":{"start":{"line":5,"column":16},"end":{"line":11,"column":1}},"1":{"start":{"line":6,"column":4},"end":{"line":10,"column":6}},"2":{"start":{"line":13,"column":0},"end":{"line":13,"column":23}}},"fnMap":{"0":{"name":"(anonymous_0)","decl":{"start":{"line":5,"column":16},"end":{"line":5,"column":17}},"loc":{"start":{"line":5,"column":22},"end":{"line":11,"column":1}},"line":5}},"branchMap":{},"s":{"0":1,"1":2,"2":1},"f":{"0":2},"b":{},"_coverageSchema":"332fd63041d2c1bcb487cc26dd0d5f7d97098a6c","hash":"91591a37a54250255e5a449498cbafb5b9827bd3"}
,"/Users/wduff/Documents/code/SmartAccess_v2/src/components/Confirm/index.es6": {"path":"/Users/wduff/Documents/code/SmartAccess_v2/src/components/Confirm/index.es6","statementMap":{"0":{"start":{"line":1,"column":13},"end":{"line":1,"column":75}},"1":{"start":{"line":1,"column":90},"end":{"line":1,"column":110}},"2":{"start":{"line":1,"column":127},"end":{"line":1,"column":159}},"3":{"start":{"line":1,"column":198},"end":{"line":1,"column":252}},"4":{"start":{"line":1,"column":268},"end":{"line":1,"column":285}},"5":{"start":{"line":1,"column":286},"end":{"line":1,"column":313}},"6":{"start":{"line":1,"column":326},"end":{"line":1,"column":530}},"7":{"start":{"line":1,"column":339},"end":{"line":1,"column":397}},"8":{"start":{"line":1,"column":389},"end":{"line":1,"column":396}},"9":{"start":{"line":1,"column":397},"end":{"line":1,"column":527}}},"fnMap":{"0":{"name":"_interopRequireDefault","decl":{"start":{"line":1,"column":169},"end":{"line":1,"column":191}},"loc":{"start":{"line":1,"column":197},"end":{"line":1,"column":253}},"line":1},"1":{"name":"(anonymous_1)","decl":{"start":{"line":1,"column":326},"end":{"line":1,"column":327}},"loc":{"start":{"line":1,"column":338},"end":{"line":1,"column":528}},"line":1}},"branchMap":{"0":{"loc":{"start":{"line":1,"column":205},"end":{"line":1,"column":251}},"type":"cond-expr","locations":[{"start":{"line":1,"column":229},"end":{"line":1,"column":232}},{"start":{"line":1,"column":235},"end":{"line":1,"column":251}}],"line":1},"1":{"loc":{"start":{"line":1,"column":205},"end":{"line":1,"column":226}},"type":"binary-expr","locations":[{"start":{"line":1,"column":205},"end":{"line":1,"column":208}},{"start":{"line":1,"column":212},"end":{"line":1,"column":226}}],"line":1},"2":{"loc":{"start":{"line":1,"column":339},"end":{"line":1,"column":397}},"type":"if","locations":[{"start":{"line":1,"column":339},"end":{"line":1,"column":397}},{"start":{"line":1,"column":339},"end":{"line":1,"column":397}}],"line":1}},"s":{"0":0,"1":0,"2":0,"3":0,"4":0,"5":0,"6":0,"7":0,"8":0,"9":0},"f":{"0":0,"1":0},"b":{"0":[0,0],"1":[0,0],"2":[0,0]}}
,"/Users/wduff/Documents/code/SmartAccess_v2/src/components/ConfirmPatientInfo/ConfirmPatientInfo.jsx": {"path":"/Users/wduff/Documents/code/SmartAccess_v2/src/components/ConfirmPatientInfo/ConfirmPatientInfo.jsx","statementMap":{"0":{"start":{"line":11,"column":27},"end":{"line":36,"column":1}},"1":{"start":{"line":14,"column":2},"end":{"line":35,"column":4}},"2":{"start":{"line":38,"column":0},"end":{"line":40,"column":2}}},"fnMap":{"0":{"name":"(anonymous_0)","decl":{"start":{"line":11,"column":27},"end":{"line":11,"column":28}},"loc":{"start":{"line":11,"column":36},"end":{"line":36,"column":1}},"line":11}},"branchMap":{},"s":{"0":1,"1":2,"2":1},"f":{"0":2},"b":{},"_coverageSchema":"332fd63041d2c1bcb487cc26dd0d5f7d97098a6c","hash":"02628dbaf5a83e6bb3ed8593a48d50c754792d92"}
,"/Users/wduff/Documents/code/SmartAccess_v2/src/components/ConfirmPatientInfo/index.es6": {"path":"/Users/wduff/Documents/code/SmartAccess_v2/src/components/ConfirmPatientInfo/index.es6","statementMap":{"0":{"start":{"line":1,"column":13},"end":{"line":1,"column":75}},"1":{"start":{"line":1,"column":101},"end":{"line":1,"column":132}},"2":{"start":{"line":1,"column":160},"end":{"line":1,"column":203}},"3":{"start":{"line":1,"column":242},"end":{"line":1,"column":296}},"4":{"start":{"line":1,"column":312},"end":{"line":1,"column":340}},"5":{"start":{"line":1,"column":341},"end":{"line":1,"column":368}},"6":{"start":{"line":1,"column":381},"end":{"line":1,"column":596}},"7":{"start":{"line":1,"column":394},"end":{"line":1,"column":452}},"8":{"start":{"line":1,"column":444},"end":{"line":1,"column":451}},"9":{"start":{"line":1,"column":452},"end":{"line":1,"column":593}}},"fnMap":{"0":{"name":"_interopRequireDefault","decl":{"start":{"line":1,"column":213},"end":{"line":1,"column":235}},"loc":{"start":{"line":1,"column":241},"end":{"line":1,"column":297}},"line":1},"1":{"name":"(anonymous_1)","decl":{"start":{"line":1,"column":381},"end":{"line":1,"column":382}},"loc":{"start":{"line":1,"column":393},"end":{"line":1,"column":594}},"line":1}},"branchMap":{"0":{"loc":{"start":{"line":1,"column":249},"end":{"line":1,"column":295}},"type":"cond-expr","locations":[{"start":{"line":1,"column":273},"end":{"line":1,"column":276}},{"start":{"line":1,"column":279},"end":{"line":1,"column":295}}],"line":1},"1":{"loc":{"start":{"line":1,"column":249},"end":{"line":1,"column":270}},"type":"binary-expr","locations":[{"start":{"line":1,"column":249},"end":{"line":1,"column":252}},{"start":{"line":1,"column":256},"end":{"line":1,"column":270}}],"line":1},"2":{"loc":{"start":{"line":1,"column":394},"end":{"line":1,"column":452}},"type":"if","locations":[{"start":{"line":1,"column":394},"end":{"line":1,"column":452}},{"start":{"line":1,"column":394},"end":{"line":1,"column":452}}],"line":1}},"s":{"0":0,"1":0,"2":0,"3":0,"4":0,"5":0,"6":0,"7":0,"8":0,"9":0},"f":{"0":0,"1":0},"b":{"0":[0,0],"1":[0,0],"2":[0,0]}}
,"/Users/wduff/Documents/code/SmartAccess_v2/src/components/Dashboard/Dashboard.jsx": {"path":"/Users/wduff/Documents/code/SmartAccess_v2/src/components/Dashboard/Dashboard.jsx","statementMap":{"0":{"start":{"line":8,"column":25},"end":{"line":37,"column":1}},"1":{"start":{"line":9,"column":2},"end":{"line":11,"column":3}},"2":{"start":{"line":10,"column":4},"end":{"line":10,"column":33}},"3":{"start":{"line":12,"column":2},"end":{"line":36,"column":4}},"4":{"start":{"line":39,"column":0},"end":{"line":44,"column":2}},"5":{"start":{"line":46,"column":28},"end":{"line":46,"column":49}}},"fnMap":{"0":{"name":"(anonymous_0)","decl":{"start":{"line":8,"column":25},"end":{"line":8,"column":26}},"loc":{"start":{"line":8,"column":34},"end":{"line":37,"column":1}},"line":8}},"branchMap":{"0":{"loc":{"start":{"line":9,"column":2},"end":{"line":11,"column":3}},"type":"if","locations":[{"start":{"line":9,"column":2},"end":{"line":11,"column":3}},{"start":{"line":9,"column":2},"end":{"line":11,"column":3}}],"line":9},"1":{"loc":{"start":{"line":31,"column":11},"end":{"line":31,"column":73}},"type":"binary-expr","locations":[{"start":{"line":31,"column":11},"end":{"line":31,"column":39}},{"start":{"line":31,"column":43},"end":{"line":31,"column":73}}],"line":31},"2":{"loc":{"start":{"line":32,"column":11},"end":{"line":32,"column":72}},"type":"binary-expr","locations":[{"start":{"line":32,"column":11},"end":{"line":32,"column":41}},{"start":{"line":32,"column":45},"end":{"line":32,"column":72}}],"line":32}},"s":{"0":1,"1":6,"2":0,"3":6,"4":1,"5":1},"f":{"0":6},"b":{"0":[0,6],"1":[6,2],"2":[6,2]},"_coverageSchema":"332fd63041d2c1bcb487cc26dd0d5f7d97098a6c","hash":"af3448c40d24b8ce381f7b9333563ba1f31433ee"}
,"/Users/wduff/Documents/code/SmartAccess_v2/src/components/Footer/Footer.jsx": {"path":"/Users/wduff/Documents/code/SmartAccess_v2/src/components/Footer/Footer.jsx","statementMap":{"0":{"start":{"line":6,"column":15},"end":{"line":16,"column":1}},"1":{"start":{"line":7,"column":2},"end":{"line":9,"column":4}},"2":{"start":{"line":11,"column":2},"end":{"line":15,"column":4}}},"fnMap":{"0":{"name":"(anonymous_0)","decl":{"start":{"line":6,"column":15},"end":{"line":6,"column":16}},"loc":{"start":{"line":6,"column":24},"end":{"line":16,"column":1}},"line":6}},"branchMap":{},"s":{"0":1,"1":2,"2":2},"f":{"0":2},"b":{},"_coverageSchema":"332fd63041d2c1bcb487cc26dd0d5f7d97098a6c","hash":"c1e569ded862ede0d0122d67e321d3a963353293"}
,"/Users/wduff/Documents/code/SmartAccess_v2/src/components/Footer/index.es6": {"path":"/Users/wduff/Documents/code/SmartAccess_v2/src/components/Footer/index.es6","statementMap":{"0":{"start":{"line":1,"column":13},"end":{"line":1,"column":75}},"1":{"start":{"line":1,"column":89},"end":{"line":1,"column":108}},"2":{"start":{"line":1,"column":124},"end":{"line":1,"column":155}},"3":{"start":{"line":1,"column":194},"end":{"line":1,"column":248}},"4":{"start":{"line":1,"column":264},"end":{"line":1,"column":280}},"5":{"start":{"line":1,"column":281},"end":{"line":1,"column":308}},"6":{"start":{"line":1,"column":321},"end":{"line":1,"column":524}},"7":{"start":{"line":1,"column":334},"end":{"line":1,"column":392}},"8":{"start":{"line":1,"column":384},"end":{"line":1,"column":391}},"9":{"start":{"line":1,"column":392},"end":{"line":1,"column":521}}},"fnMap":{"0":{"name":"_interopRequireDefault","decl":{"start":{"line":1,"column":165},"end":{"line":1,"column":187}},"loc":{"start":{"line":1,"column":193},"end":{"line":1,"column":249}},"line":1},"1":{"name":"(anonymous_1)","decl":{"start":{"line":1,"column":321},"end":{"line":1,"column":322}},"loc":{"start":{"line":1,"column":333},"end":{"line":1,"column":522}},"line":1}},"branchMap":{"0":{"loc":{"start":{"line":1,"column":201},"end":{"line":1,"column":247}},"type":"cond-expr","locations":[{"start":{"line":1,"column":225},"end":{"line":1,"column":228}},{"start":{"line":1,"column":231},"end":{"line":1,"column":247}}],"line":1},"1":{"loc":{"start":{"line":1,"column":201},"end":{"line":1,"column":222}},"type":"binary-expr","locations":[{"start":{"line":1,"column":201},"end":{"line":1,"column":204}},{"start":{"line":1,"column":208},"end":{"line":1,"column":222}}],"line":1},"2":{"loc":{"start":{"line":1,"column":334},"end":{"line":1,"column":392}},"type":"if","locations":[{"start":{"line":1,"column":334},"end":{"line":1,"column":392}},{"start":{"line":1,"column":334},"end":{"line":1,"column":392}}],"line":1}},"s":{"0":0,"1":0,"2":0,"3":0,"4":0,"5":0,"6":0,"7":0,"8":0,"9":0},"f":{"0":0,"1":0},"b":{"0":[0,0],"1":[0,0],"2":[0,0]}}
,"/Users/wduff/Documents/code/SmartAccess_v2/src/components/Header/Header.jsx": {"path":"/Users/wduff/Documents/code/SmartAccess_v2/src/components/Header/Header.jsx","statementMap":{"0":{"start":{"line":7,"column":18},"end":{"line":10,"column":1}},"1":{"start":{"line":14,"column":4},"end":{"line":14,"column":17}},"2":{"start":{"line":15,"column":4},"end":{"line":17,"column":6}},"3":{"start":{"line":22,"column":4},"end":{"line":74,"column":6}},"4":{"start":{"line":63,"column":18},"end":{"line":63,"column":37}},"5":{"start":{"line":64,"column":18},"end":{"line":64,"column":38}},"6":{"start":{"line":78,"column":0},"end":{"line":78,"column":29}}},"fnMap":{"0":{"name":"(anonymous_0)","decl":{"start":{"line":13,"column":2},"end":{"line":13,"column":3}},"loc":{"start":{"line":13,"column":21},"end":{"line":18,"column":3}},"line":13},"1":{"name":"(anonymous_1)","decl":{"start":{"line":20,"column":2},"end":{"line":20,"column":3}},"loc":{"start":{"line":20,"column":11},"end":{"line":75,"column":3}},"line":20},"2":{"name":"(anonymous_2)","decl":{"start":{"line":62,"column":25},"end":{"line":62,"column":26}},"loc":{"start":{"line":62,"column":30},"end":{"line":65,"column":17}},"line":62}},"branchMap":{"0":{"loc":{"start":{"line":23,"column":25},"end":{"line":23,"column":75}},"type":"cond-expr","locations":[{"start":{"line":23,"column":61},"end":{"line":23,"column":68}},{"start":{"line":23,"column":71},"end":{"line":23,"column":75}}],"line":23}},"s":{"0":1,"1":7,"2":7,"3":7,"4":0,"5":0,"6":1},"f":{"0":7,"1":7,"2":0},"b":{"0":[0,7]},"_coverageSchema":"332fd63041d2c1bcb487cc26dd0d5f7d97098a6c","hash":"a3364a7effd11ea769930802fbdfb59876fc71ef"}
,"/Users/wduff/Documents/code/SmartAccess_v2/src/components/Header/index.es6": {"path":"/Users/wduff/Documents/code/SmartAccess_v2/src/components/Header/index.es6","statementMap":{"0":{"start":{"line":1,"column":13},"end":{"line":1,"column":75}},"1":{"start":{"line":1,"column":89},"end":{"line":1,"column":108}},"2":{"start":{"line":1,"column":124},"end":{"line":1,"column":155}},"3":{"start":{"line":1,"column":194},"end":{"line":1,"column":248}},"4":{"start":{"line":1,"column":264},"end":{"line":1,"column":280}},"5":{"start":{"line":1,"column":281},"end":{"line":1,"column":308}},"6":{"start":{"line":1,"column":321},"end":{"line":1,"column":524}},"7":{"start":{"line":1,"column":334},"end":{"line":1,"column":392}},"8":{"start":{"line":1,"column":384},"end":{"line":1,"column":391}},"9":{"start":{"line":1,"column":392},"end":{"line":1,"column":521}}},"fnMap":{"0":{"name":"_interopRequireDefault","decl":{"start":{"line":1,"column":165},"end":{"line":1,"column":187}},"loc":{"start":{"line":1,"column":193},"end":{"line":1,"column":249}},"line":1},"1":{"name":"(anonymous_1)","decl":{"start":{"line":1,"column":321},"end":{"line":1,"column":322}},"loc":{"start":{"line":1,"column":333},"end":{"line":1,"column":522}},"line":1}},"branchMap":{"0":{"loc":{"start":{"line":1,"column":201},"end":{"line":1,"column":247}},"type":"cond-expr","locations":[{"start":{"line":1,"column":225},"end":{"line":1,"column":228}},{"start":{"line":1,"column":231},"end":{"line":1,"column":247}}],"line":1},"1":{"loc":{"start":{"line":1,"column":201},"end":{"line":1,"column":222}},"type":"binary-expr","locations":[{"start":{"line":1,"column":201},"end":{"line":1,"column":204}},{"start":{"line":1,"column":208},"end":{"line":1,"column":222}}],"line":1},"2":{"loc":{"start":{"line":1,"column":334},"end":{"line":1,"column":392}},"type":"if","locations":[{"start":{"line":1,"column":334},"end":{"line":1,"column":392}},{"start":{"line":1,"column":334},"end":{"line":1,"column":392}}],"line":1}},"s":{"0":0,"1":0,"2":0,"3":0,"4":0,"5":0,"6":0,"7":0,"8":0,"9":0},"f":{"0":0,"1":0},"b":{"0":[0,0],"1":[0,0],"2":[0,0]}}
,"/Users/wduff/Documents/code/SmartAccess_v2/src/components/HgStub/HgStub.jsx": {"path":"/Users/wduff/Documents/code/SmartAccess_v2/src/components/HgStub/HgStub.jsx","statementMap":{"0":{"start":{"line":4,"column":15},"end":{"line":10,"column":1}},"1":{"start":{"line":5,"column":4},"end":{"line":9,"column":6}},"2":{"start":{"line":12,"column":0},"end":{"line":14,"column":1}}},"fnMap":{"0":{"name":"(anonymous_0)","decl":{"start":{"line":4,"column":15},"end":{"line":4,"column":16}},"loc":{"start":{"line":4,"column":26},"end":{"line":10,"column":1}},"line":4}},"branchMap":{"0":{"loc":{"start":{"line":7,"column":13},"end":{"line":7,"column":33}},"type":"binary-expr","locations":[{"start":{"line":7,"column":13},"end":{"line":7,"column":27}},{"start":{"line":7,"column":31},"end":{"line":7,"column":33}}],"line":7}},"s":{"0":15,"1":31,"2":15},"f":{"0":31},"b":{"0":[31,23]},"_coverageSchema":"332fd63041d2c1bcb487cc26dd0d5f7d97098a6c","hash":"329fff191f4b5fbe025944ecfddaba74e5aacefc"}
,"/Users/wduff/Documents/code/SmartAccess_v2/src/components/Modal/ModalWrapper.jsx": {"path":"/Users/wduff/Documents/code/SmartAccess_v2/src/components/Modal/ModalWrapper.jsx","statementMap":{"0":{"start":{"line":6,"column":21},"end":{"line":32,"column":1}},"1":{"start":{"line":8,"column":32},"end":{"line":10,"column":3}},"2":{"start":{"line":9,"column":4},"end":{"line":9,"column":56}},"3":{"start":{"line":9,"column":38},"end":{"line":9,"column":56}},"4":{"start":{"line":14,"column":2},"end":{"line":31,"column":4}},"5":{"start":{"line":34,"column":0},"end":{"line":51,"column":2}},"6":{"start":{"line":53,"column":0},"end":{"line":60,"column":2}}},"fnMap":{"0":{"name":"(anonymous_0)","decl":{"start":{"line":6,"column":21},"end":{"line":6,"column":22}},"loc":{"start":{"line":6,"column":30},"end":{"line":32,"column":1}},"line":6},"1":{"name":"(anonymous_1)","decl":{"start":{"line":8,"column":32},"end":{"line":8,"column":33}},"loc":{"start":{"line":8,"column":37},"end":{"line":10,"column":3}},"line":8},"2":{"name":"(anonymous_2)","decl":{"start":{"line":59,"column":13},"end":{"line":59,"column":14}},"loc":{"start":{"line":59,"column":19},"end":{"line":59,"column":21}},"line":59}},"branchMap":{"0":{"loc":{"start":{"line":9,"column":4},"end":{"line":9,"column":56}},"type":"if","locations":[{"start":{"line":9,"column":4},"end":{"line":9,"column":56}},{"start":{"line":9,"column":4},"end":{"line":9,"column":56}}],"line":9}},"s":{"0":1,"1":3,"2":1,"3":1,"4":3,"5":1,"6":1},"f":{"0":3,"1":1,"2":1},"b":{"0":[1,0]},"_coverageSchema":"332fd63041d2c1bcb487cc26dd0d5f7d97098a6c","hash":"72e240e41272052b1f0008fcfb2f2e17f01ed3ae"}
,"/Users/wduff/Documents/code/SmartAccess_v2/src/components/Modal/index.es6": {"path":"/Users/wduff/Documents/code/SmartAccess_v2/src/components/Modal/index.es6","statementMap":{"0":{"start":{"line":1,"column":13},"end":{"line":1,"column":75}},"1":{"start":{"line":1,"column":88},"end":{"line":1,"column":106}},"2":{"start":{"line":1,"column":121},"end":{"line":1,"column":151}},"3":{"start":{"line":1,"column":190},"end":{"line":1,"column":244}},"4":{"start":{"line":1,"column":260},"end":{"line":1,"column":275}},"5":{"start":{"line":1,"column":276},"end":{"line":1,"column":303}},"6":{"start":{"line":1,"column":316},"end":{"line":1,"column":518}},"7":{"start":{"line":1,"column":329},"end":{"line":1,"column":387}},"8":{"start":{"line":1,"column":379},"end":{"line":1,"column":386}},"9":{"start":{"line":1,"column":387},"end":{"line":1,"column":515}}},"fnMap":{"0":{"name":"_interopRequireDefault","decl":{"start":{"line":1,"column":161},"end":{"line":1,"column":183}},"loc":{"start":{"line":1,"column":189},"end":{"line":1,"column":245}},"line":1},"1":{"name":"(anonymous_1)","decl":{"start":{"line":1,"column":316},"end":{"line":1,"column":317}},"loc":{"start":{"line":1,"column":328},"end":{"line":1,"column":516}},"line":1}},"branchMap":{"0":{"loc":{"start":{"line":1,"column":197},"end":{"line":1,"column":243}},"type":"cond-expr","locations":[{"start":{"line":1,"column":221},"end":{"line":1,"column":224}},{"start":{"line":1,"column":227},"end":{"line":1,"column":243}}],"line":1},"1":{"loc":{"start":{"line":1,"column":197},"end":{"line":1,"column":218}},"type":"binary-expr","locations":[{"start":{"line":1,"column":197},"end":{"line":1,"column":200}},{"start":{"line":1,"column":204},"end":{"line":1,"column":218}}],"line":1},"2":{"loc":{"start":{"line":1,"column":329},"end":{"line":1,"column":387}},"type":"if","locations":[{"start":{"line":1,"column":329},"end":{"line":1,"column":387}},{"start":{"line":1,"column":329},"end":{"line":1,"column":387}}],"line":1}},"s":{"0":0,"1":0,"2":0,"3":0,"4":0,"5":0,"6":0,"7":0,"8":0,"9":0},"f":{"0":0,"1":0},"b":{"0":[0,0],"1":[0,0],"2":[0,0]}}
,"/Users/wduff/Documents/code/SmartAccess_v2/src/components/Modal/components/logoutAreYouSure.jsx": {"path":"/Users/wduff/Documents/code/SmartAccess_v2/src/components/Modal/components/logoutAreYouSure.jsx","statementMap":{"0":{"start":{"line":6,"column":19},"end":{"line":9,"column":1}},"1":{"start":{"line":11,"column":25},"end":{"line":33,"column":1}},"2":{"start":{"line":14,"column":2},"end":{"line":32,"column":4}},"3":{"start":{"line":35,"column":0},"end":{"line":35,"column":40}}},"fnMap":{"0":{"name":"(anonymous_0)","decl":{"start":{"line":11,"column":25},"end":{"line":11,"column":26}},"loc":{"start":{"line":11,"column":34},"end":{"line":33,"column":1}},"line":11}},"branchMap":{},"s":{"0":1,"1":1,"2":1,"3":1},"f":{"0":1},"b":{},"_coverageSchema":"332fd63041d2c1bcb487cc26dd0d5f7d97098a6c","hash":"b3ec581d94df4e5d81a849ab4cd44c89c2b16969"}
,"/Users/wduff/Documents/code/SmartAccess_v2/src/components/Navigation/Navigation.jsx": {"path":"/Users/wduff/Documents/code/SmartAccess_v2/src/components/Navigation/Navigation.jsx","statementMap":{"0":{"start":{"line":7,"column":19},"end":{"line":24,"column":1}},"1":{"start":{"line":8,"column":2},"end":{"line":11,"column":4}},"2":{"start":{"line":13,"column":2},"end":{"line":23,"column":4}}},"fnMap":{"0":{"name":"(anonymous_0)","decl":{"start":{"line":7,"column":19},"end":{"line":7,"column":20}},"loc":{"start":{"line":7,"column":28},"end":{"line":24,"column":1}},"line":7}},"branchMap":{},"s":{"0":1,"1":2,"2":2},"f":{"0":2},"b":{},"_coverageSchema":"332fd63041d2c1bcb487cc26dd0d5f7d97098a6c","hash":"b7febe85f83877897dd44ddab31c4c329284d20e"}
,"/Users/wduff/Documents/code/SmartAccess_v2/src/components/Navigation/index.es6": {"path":"/Users/wduff/Documents/code/SmartAccess_v2/src/components/Navigation/index.es6","statementMap":{"0":{"start":{"line":1,"column":13},"end":{"line":1,"column":75}},"1":{"start":{"line":1,"column":93},"end":{"line":1,"column":116}},"2":{"start":{"line":1,"column":136},"end":{"line":1,"column":171}},"3":{"start":{"line":1,"column":210},"end":{"line":1,"column":264}},"4":{"start":{"line":1,"column":280},"end":{"line":1,"column":300}},"5":{"start":{"line":1,"column":301},"end":{"line":1,"column":328}},"6":{"start":{"line":1,"column":341},"end":{"line":1,"column":548}},"7":{"start":{"line":1,"column":354},"end":{"line":1,"column":412}},"8":{"start":{"line":1,"column":404},"end":{"line":1,"column":411}},"9":{"start":{"line":1,"column":412},"end":{"line":1,"column":545}}},"fnMap":{"0":{"name":"_interopRequireDefault","decl":{"start":{"line":1,"column":181},"end":{"line":1,"column":203}},"loc":{"start":{"line":1,"column":209},"end":{"line":1,"column":265}},"line":1},"1":{"name":"(anonymous_1)","decl":{"start":{"line":1,"column":341},"end":{"line":1,"column":342}},"loc":{"start":{"line":1,"column":353},"end":{"line":1,"column":546}},"line":1}},"branchMap":{"0":{"loc":{"start":{"line":1,"column":217},"end":{"line":1,"column":263}},"type":"cond-expr","locations":[{"start":{"line":1,"column":241},"end":{"line":1,"column":244}},{"start":{"line":1,"column":247},"end":{"line":1,"column":263}}],"line":1},"1":{"loc":{"start":{"line":1,"column":217},"end":{"line":1,"column":238}},"type":"binary-expr","locations":[{"start":{"line":1,"column":217},"end":{"line":1,"column":220}},{"start":{"line":1,"column":224},"end":{"line":1,"column":238}}],"line":1},"2":{"loc":{"start":{"line":1,"column":354},"end":{"line":1,"column":412}},"type":"if","locations":[{"start":{"line":1,"column":354},"end":{"line":1,"column":412}},{"start":{"line":1,"column":354},"end":{"line":1,"column":412}}],"line":1}},"s":{"0":0,"1":0,"2":0,"3":0,"4":0,"5":0,"6":0,"7":0,"8":0,"9":0},"f":{"0":0,"1":0},"b":{"0":[0,0],"1":[0,0],"2":[0,0]}}
,"/Users/wduff/Documents/code/SmartAccess_v2/src/components/NotFound/NotFound.jsx": {"path":"/Users/wduff/Documents/code/SmartAccess_v2/src/components/NotFound/NotFound.jsx","statementMap":{"0":{"start":{"line":3,"column":17},"end":{"line":9,"column":1}},"1":{"start":{"line":4,"column":2},"end":{"line":8,"column":4}},"2":{"start":{"line":11,"column":0},"end":{"line":11,"column":24}}},"fnMap":{"0":{"name":"(anonymous_0)","decl":{"start":{"line":3,"column":17},"end":{"line":3,"column":18}},"loc":{"start":{"line":3,"column":23},"end":{"line":9,"column":1}},"line":3}},"branchMap":{},"s":{"0":1,"1":2,"2":1},"f":{"0":2},"b":{},"_coverageSchema":"332fd63041d2c1bcb487cc26dd0d5f7d97098a6c","hash":"9d212873c8f2eca5206ca671c36528ada83b5b04"}
,"/Users/wduff/Documents/code/SmartAccess_v2/src/components/PatientAppointments/PatientAppointments.jsx": {"path":"/Users/wduff/Documents/code/SmartAccess_v2/src/components/PatientAppointments/PatientAppointments.jsx","statementMap":{"0":{"start":{"line":7,"column":28},"end":{"line":45,"column":1}},"1":{"start":{"line":8,"column":2},"end":{"line":11,"column":4}},"2":{"start":{"line":13,"column":20},"end":{"line":15,"column":4}},"3":{"start":{"line":14,"column":4},"end":{"line":14,"column":55}},"4":{"start":{"line":17,"column":24},"end":{"line":19,"column":4}},"5":{"start":{"line":18,"column":4},"end":{"line":18,"column":55}},"6":{"start":{"line":21,"column":2},"end":{"line":44,"column":4}},"7":{"start":{"line":47,"column":25},"end":{"line":74,"column":1}},"8":{"start":{"line":48,"column":2},"end":{"line":50,"column":4}},"9":{"start":{"line":51,"column":2},"end":{"line":73,"column":4}},"10":{"start":{"line":60,"column":10},"end":{"line":69,"column":12}},"11":{"start":{"line":76,"column":29},"end":{"line":103,"column":1}},"12":{"start":{"line":77,"column":2},"end":{"line":79,"column":4}},"13":{"start":{"line":80,"column":2},"end":{"line":102,"column":4}},"14":{"start":{"line":89,"column":10},"end":{"line":98,"column":12}}},"fnMap":{"0":{"name":"(anonymous_0)","decl":{"start":{"line":7,"column":28},"end":{"line":7,"column":29}},"loc":{"start":{"line":7,"column":37},"end":{"line":45,"column":1}},"line":7},"1":{"name":"(anonymous_1)","decl":{"start":{"line":13,"column":46},"end":{"line":13,"column":47}},"loc":{"start":{"line":13,"column":54},"end":{"line":15,"column":3}},"line":13},"2":{"name":"(anonymous_2)","decl":{"start":{"line":17,"column":50},"end":{"line":17,"column":51}},"loc":{"start":{"line":17,"column":58},"end":{"line":19,"column":3}},"line":17},"3":{"name":"(anonymous_3)","decl":{"start":{"line":47,"column":25},"end":{"line":47,"column":26}},"loc":{"start":{"line":47,"column":34},"end":{"line":74,"column":1}},"line":47},"4":{"name":"(anonymous_4)","decl":{"start":{"line":59,"column":29},"end":{"line":59,"column":30}},"loc":{"start":{"line":59,"column":37},"end":{"line":70,"column":9}},"line":59},"5":{"name":"(anonymous_5)","decl":{"start":{"line":76,"column":29},"end":{"line":76,"column":30}},"loc":{"start":{"line":76,"column":38},"end":{"line":103,"column":1}},"line":76},"6":{"name":"(anonymous_6)","decl":{"start":{"line":88,"column":33},"end":{"line":88,"column":34}},"loc":{"start":{"line":88,"column":41},"end":{"line":99,"column":9}},"line":88}},"branchMap":{"0":{"loc":{"start":{"line":25,"column":11},"end":{"line":28,"column":18}},"type":"binary-expr","locations":[{"start":{"line":25,"column":11},"end":{"line":25,"column":42}},{"start":{"line":26,"column":12},"end":{"line":28,"column":18}}],"line":25},"1":{"loc":{"start":{"line":39,"column":11},"end":{"line":39,"column":93}},"type":"binary-expr","locations":[{"start":{"line":39,"column":11},"end":{"line":39,"column":35}},{"start":{"line":39,"column":39},"end":{"line":39,"column":93}}],"line":39},"2":{"loc":{"start":{"line":40,"column":11},"end":{"line":40,"column":77}},"type":"binary-expr","locations":[{"start":{"line":40,"column":11},"end":{"line":40,"column":31}},{"start":{"line":40,"column":35},"end":{"line":40,"column":77}}],"line":40}},"s":{"0":3,"1":9,"2":9,"3":25,"4":9,"5":25,"6":9,"7":3,"8":5,"9":5,"10":10,"11":3,"12":5,"13":5,"14":15},"f":{"0":9,"1":25,"2":25,"3":5,"4":10,"5":5,"6":15},"b":{"0":[9,2],"1":[9,5],"2":[9,5]},"_coverageSchema":"332fd63041d2c1bcb487cc26dd0d5f7d97098a6c","hash":"51d48790d1b12460528c9f648f6d3875d52712fb"}
,"/Users/wduff/Documents/code/SmartAccess_v2/src/components/PatientInfo/PatientInfo.jsx": {"path":"/Users/wduff/Documents/code/SmartAccess_v2/src/components/PatientInfo/PatientInfo.jsx","statementMap":{"0":{"start":{"line":12,"column":20},"end":{"line":123,"column":1}},"1":{"start":{"line":13,"column":2},"end":{"line":16,"column":4}},"2":{"start":{"line":18,"column":2},"end":{"line":122,"column":4}}},"fnMap":{"0":{"name":"(anonymous_0)","decl":{"start":{"line":12,"column":20},"end":{"line":12,"column":21}},"loc":{"start":{"line":12,"column":29},"end":{"line":123,"column":1}},"line":12}},"branchMap":{},"s":{"0":3,"1":2,"2":2},"f":{"0":2},"b":{},"_coverageSchema":"332fd63041d2c1bcb487cc26dd0d5f7d97098a6c","hash":"77febc64d204143f2d532bc43178cc0c1d57ff34"}
,"/Users/wduff/Documents/code/SmartAccess_v2/src/components/PatientNotes/PatientNotes.jsx": {"path":"/Users/wduff/Documents/code/SmartAccess_v2/src/components/PatientNotes/PatientNotes.jsx","statementMap":{"0":{"start":{"line":6,"column":21},"end":{"line":54,"column":1}},"1":{"start":{"line":7,"column":2},"end":{"line":10,"column":4}},"2":{"start":{"line":12,"column":16},"end":{"line":14,"column":3}},"3":{"start":{"line":13,"column":4},"end":{"line":13,"column":23}},"4":{"start":{"line":15,"column":2},"end":{"line":15,"column":10}},"5":{"start":{"line":17,"column":2},"end":{"line":53,"column":4}},"6":{"start":{"line":38,"column":10},"end":{"line":45,"column":11}},"7":{"start":{"line":57,"column":0},"end":{"line":59,"column":2}}},"fnMap":{"0":{"name":"(anonymous_0)","decl":{"start":{"line":6,"column":21},"end":{"line":6,"column":22}},"loc":{"start":{"line":6,"column":30},"end":{"line":54,"column":1}},"line":6},"1":{"name":"(anonymous_1)","decl":{"start":{"line":12,"column":16},"end":{"line":12,"column":17}},"loc":{"start":{"line":12,"column":22},"end":{"line":14,"column":3}},"line":12},"2":{"name":"(anonymous_2)","decl":{"start":{"line":37,"column":24},"end":{"line":37,"column":25}},"loc":{"start":{"line":37,"column":32},"end":{"line":46,"column":9}},"line":37}},"branchMap":{"0":{"loc":{"start":{"line":22,"column":12},"end":{"line":26,"column":13}},"type":"binary-expr","locations":[{"start":{"line":22,"column":13},"end":{"line":22,"column":37}},{"start":{"line":23,"column":14},"end":{"line":25,"column":20}}],"line":22}},"s":{"0":3,"1":2,"2":2,"3":2,"4":2,"5":2,"6":0,"7":3},"f":{"0":2,"1":2,"2":0},"b":{"0":[2,2]},"_coverageSchema":"332fd63041d2c1bcb487cc26dd0d5f7d97098a6c","hash":"237f03d8dcf72048c802735b560ac41e9a45b927"}
,"/Users/wduff/Documents/code/SmartAccess_v2/src/components/PatientTabs/PatientTabs.jsx": {"path":"/Users/wduff/Documents/code/SmartAccess_v2/src/components/PatientTabs/PatientTabs.jsx","statementMap":{"0":{"start":{"line":11,"column":20},"end":{"line":45,"column":1}},"1":{"start":{"line":12,"column":2},"end":{"line":16,"column":4}},"2":{"start":{"line":18,"column":16},"end":{"line":20,"column":3}},"3":{"start":{"line":19,"column":4},"end":{"line":19,"column":23}},"4":{"start":{"line":21,"column":2},"end":{"line":21,"column":10}},"5":{"start":{"line":24,"column":2},"end":{"line":44,"column":4}},"6":{"start":{"line":40,"column":65},"end":{"line":40,"column":124}},"7":{"start":{"line":41,"column":66},"end":{"line":41,"column":135}},"8":{"start":{"line":42,"column":59},"end":{"line":42,"column":107}}},"fnMap":{"0":{"name":"(anonymous_0)","decl":{"start":{"line":11,"column":20},"end":{"line":11,"column":21}},"loc":{"start":{"line":11,"column":29},"end":{"line":45,"column":1}},"line":11},"1":{"name":"(anonymous_1)","decl":{"start":{"line":18,"column":16},"end":{"line":18,"column":17}},"loc":{"start":{"line":18,"column":22},"end":{"line":20,"column":3}},"line":18},"2":{"name":"(anonymous_2)","decl":{"start":{"line":40,"column":59},"end":{"line":40,"column":60}},"loc":{"start":{"line":40,"column":65},"end":{"line":40,"column":124}},"line":40},"3":{"name":"(anonymous_3)","decl":{"start":{"line":41,"column":60},"end":{"line":41,"column":61}},"loc":{"start":{"line":41,"column":66},"end":{"line":41,"column":135}},"line":41},"4":{"name":"(anonymous_4)","decl":{"start":{"line":42,"column":53},"end":{"line":42,"column":54}},"loc":{"start":{"line":42,"column":59},"end":{"line":42,"column":107}},"line":42}},"branchMap":{},"s":{"0":2,"1":4,"2":4,"3":4,"4":4,"5":4,"6":0,"7":0,"8":0},"f":{"0":4,"1":4,"2":0,"3":0,"4":0},"b":{},"_coverageSchema":"332fd63041d2c1bcb487cc26dd0d5f7d97098a6c","hash":"fa12e68834441c77a75e4330c93ab4b6db3db80b"}
,"/Users/wduff/Documents/code/SmartAccess_v2/src/components/PatientTabs/index.es6": {"path":"/Users/wduff/Documents/code/SmartAccess_v2/src/components/PatientTabs/index.es6","statementMap":{"0":{"start":{"line":1,"column":13},"end":{"line":1,"column":75}},"1":{"start":{"line":1,"column":94},"end":{"line":1,"column":118}},"2":{"start":{"line":1,"column":139},"end":{"line":1,"column":175}},"3":{"start":{"line":1,"column":214},"end":{"line":1,"column":268}},"4":{"start":{"line":1,"column":284},"end":{"line":1,"column":305}},"5":{"start":{"line":1,"column":306},"end":{"line":1,"column":333}},"6":{"start":{"line":1,"column":346},"end":{"line":1,"column":554}},"7":{"start":{"line":1,"column":359},"end":{"line":1,"column":417}},"8":{"start":{"line":1,"column":409},"end":{"line":1,"column":416}},"9":{"start":{"line":1,"column":417},"end":{"line":1,"column":551}}},"fnMap":{"0":{"name":"_interopRequireDefault","decl":{"start":{"line":1,"column":185},"end":{"line":1,"column":207}},"loc":{"start":{"line":1,"column":213},"end":{"line":1,"column":269}},"line":1},"1":{"name":"(anonymous_1)","decl":{"start":{"line":1,"column":346},"end":{"line":1,"column":347}},"loc":{"start":{"line":1,"column":358},"end":{"line":1,"column":552}},"line":1}},"branchMap":{"0":{"loc":{"start":{"line":1,"column":221},"end":{"line":1,"column":267}},"type":"cond-expr","locations":[{"start":{"line":1,"column":245},"end":{"line":1,"column":248}},{"start":{"line":1,"column":251},"end":{"line":1,"column":267}}],"line":1},"1":{"loc":{"start":{"line":1,"column":221},"end":{"line":1,"column":242}},"type":"binary-expr","locations":[{"start":{"line":1,"column":221},"end":{"line":1,"column":224}},{"start":{"line":1,"column":228},"end":{"line":1,"column":242}}],"line":1},"2":{"loc":{"start":{"line":1,"column":359},"end":{"line":1,"column":417}},"type":"if","locations":[{"start":{"line":1,"column":359},"end":{"line":1,"column":417}},{"start":{"line":1,"column":359},"end":{"line":1,"column":417}}],"line":1}},"s":{"0":0,"1":0,"2":0,"3":0,"4":0,"5":0,"6":0,"7":0,"8":0,"9":0},"f":{"0":0,"1":0},"b":{"0":[0,0],"1":[0,0],"2":[0,0]}}
,"/Users/wduff/Documents/code/SmartAccess_v2/src/components/ResetPassword/ResetPassword.jsx": {"path":"/Users/wduff/Documents/code/SmartAccess_v2/src/components/ResetPassword/ResetPassword.jsx","statementMap":{"0":{"start":{"line":10,"column":22},"end":{"line":31,"column":1}},"1":{"start":{"line":11,"column":2},"end":{"line":30,"column":4}},"2":{"start":{"line":33,"column":0},"end":{"line":35,"column":2}}},"fnMap":{"0":{"name":"(anonymous_0)","decl":{"start":{"line":10,"column":22},"end":{"line":10,"column":23}},"loc":{"start":{"line":10,"column":31},"end":{"line":31,"column":1}},"line":10}},"branchMap":{},"s":{"0":1,"1":2,"2":1},"f":{"0":2},"b":{},"_coverageSchema":"332fd63041d2c1bcb487cc26dd0d5f7d97098a6c","hash":"d721f1dc6dff6f80e5b7b8692c5603a200a12984"}
,"/Users/wduff/Documents/code/SmartAccess_v2/src/components/ResetPasswordConfirm/ResetPasswordConfirm.jsx": {"path":"/Users/wduff/Documents/code/SmartAccess_v2/src/components/ResetPasswordConfirm/ResetPasswordConfirm.jsx","statementMap":{"0":{"start":{"line":8,"column":29},"end":{"line":24,"column":1}},"1":{"start":{"line":9,"column":2},"end":{"line":23,"column":4}},"2":{"start":{"line":26,"column":0},"end":{"line":26,"column":36}}},"fnMap":{"0":{"name":"(anonymous_0)","decl":{"start":{"line":8,"column":29},"end":{"line":8,"column":30}},"loc":{"start":{"line":8,"column":35},"end":{"line":24,"column":1}},"line":8}},"branchMap":{},"s":{"0":1,"1":2,"2":1},"f":{"0":2},"b":{},"_coverageSchema":"332fd63041d2c1bcb487cc26dd0d5f7d97098a6c","hash":"21992efffecd1bb0afd1fdc6178dd8e4b426d13b"}
,"/Users/wduff/Documents/code/SmartAccess_v2/src/components/SearchAndCalendar/SearchAndCalendar.jsx": {"path":"/Users/wduff/Documents/code/SmartAccess_v2/src/components/SearchAndCalendar/SearchAndCalendar.jsx","statementMap":{"0":{"start":{"line":5,"column":26},"end":{"line":11,"column":1}},"1":{"start":{"line":6,"column":4},"end":{"line":10,"column":6}},"2":{"start":{"line":13,"column":0},"end":{"line":13,"column":33}}},"fnMap":{"0":{"name":"(anonymous_0)","decl":{"start":{"line":5,"column":26},"end":{"line":5,"column":27}},"loc":{"start":{"line":5,"column":32},"end":{"line":11,"column":1}},"line":5}},"branchMap":{},"s":{"0":1,"1":2,"2":1},"f":{"0":2},"b":{},"_coverageSchema":"332fd63041d2c1bcb487cc26dd0d5f7d97098a6c","hash":"711eeea710ca6a4e4898991fefcfd69da8fa9e65"}
,"/Users/wduff/Documents/code/SmartAccess_v2/src/components/SearchAndCalendar/index.es6": {"path":"/Users/wduff/Documents/code/SmartAccess_v2/src/components/SearchAndCalendar/index.es6","statementMap":{"0":{"start":{"line":1,"column":13},"end":{"line":1,"column":75}},"1":{"start":{"line":1,"column":100},"end":{"line":1,"column":130}},"2":{"start":{"line":1,"column":157},"end":{"line":1,"column":199}},"3":{"start":{"line":1,"column":238},"end":{"line":1,"column":292}},"4":{"start":{"line":1,"column":308},"end":{"line":1,"column":335}},"5":{"start":{"line":1,"column":336},"end":{"line":1,"column":363}},"6":{"start":{"line":1,"column":376},"end":{"line":1,"column":590}},"7":{"start":{"line":1,"column":389},"end":{"line":1,"column":447}},"8":{"start":{"line":1,"column":439},"end":{"line":1,"column":446}},"9":{"start":{"line":1,"column":447},"end":{"line":1,"column":587}}},"fnMap":{"0":{"name":"_interopRequireDefault","decl":{"start":{"line":1,"column":209},"end":{"line":1,"column":231}},"loc":{"start":{"line":1,"column":237},"end":{"line":1,"column":293}},"line":1},"1":{"name":"(anonymous_1)","decl":{"start":{"line":1,"column":376},"end":{"line":1,"column":377}},"loc":{"start":{"line":1,"column":388},"end":{"line":1,"column":588}},"line":1}},"branchMap":{"0":{"loc":{"start":{"line":1,"column":245},"end":{"line":1,"column":291}},"type":"cond-expr","locations":[{"start":{"line":1,"column":269},"end":{"line":1,"column":272}},{"start":{"line":1,"column":275},"end":{"line":1,"column":291}}],"line":1},"1":{"loc":{"start":{"line":1,"column":245},"end":{"line":1,"column":266}},"type":"binary-expr","locations":[{"start":{"line":1,"column":245},"end":{"line":1,"column":248}},{"start":{"line":1,"column":252},"end":{"line":1,"column":266}}],"line":1},"2":{"loc":{"start":{"line":1,"column":389},"end":{"line":1,"column":447}},"type":"if","locations":[{"start":{"line":1,"column":389},"end":{"line":1,"column":447}},{"start":{"line":1,"column":389},"end":{"line":1,"column":447}}],"line":1}},"s":{"0":0,"1":0,"2":0,"3":0,"4":0,"5":0,"6":0,"7":0,"8":0,"9":0},"f":{"0":0,"1":0},"b":{"0":[0,0],"1":[0,0],"2":[0,0]}}
,"/Users/wduff/Documents/code/SmartAccess_v2/src/components/SearchPatient/SearchPatient.jsx": {"path":"/Users/wduff/Documents/code/SmartAccess_v2/src/components/SearchPatient/SearchPatient.jsx","statementMap":{"0":{"start":{"line":6,"column":22},"end":{"line":13,"column":1}},"1":{"start":{"line":7,"column":4},"end":{"line":12,"column":5}},"2":{"start":{"line":15,"column":0},"end":{"line":15,"column":29}}},"fnMap":{"0":{"name":"(anonymous_0)","decl":{"start":{"line":6,"column":22},"end":{"line":6,"column":23}},"loc":{"start":{"line":6,"column":28},"end":{"line":13,"column":1}},"line":6}},"branchMap":{},"s":{"0":1,"1":2,"2":1},"f":{"0":2},"b":{},"_coverageSchema":"332fd63041d2c1bcb487cc26dd0d5f7d97098a6c","hash":"4e840bced5badabf29b36b2c5dd162a9adaf9601"}
,"/Users/wduff/Documents/code/SmartAccess_v2/src/components/SignOn/SignOn.jsx": {"path":"/Users/wduff/Documents/code/SmartAccess_v2/src/components/SignOn/SignOn.jsx","statementMap":{"0":{"start":{"line":8,"column":18},"end":{"line":12,"column":1}},"1":{"start":{"line":16,"column":4},"end":{"line":16,"column":17}},"2":{"start":{"line":17,"column":4},"end":{"line":21,"column":6}},"3":{"start":{"line":22,"column":4},"end":{"line":22,"column":73}},"4":{"start":{"line":23,"column":4},"end":{"line":23,"column":49}},"5":{"start":{"line":24,"column":4},"end":{"line":24,"column":65}},"6":{"start":{"line":28,"column":28},"end":{"line":28,"column":61}},"7":{"start":{"line":29,"column":4},"end":{"line":35,"column":5}},"8":{"start":{"line":30,"column":6},"end":{"line":34,"column":9}},"9":{"start":{"line":39,"column":4},"end":{"line":39,"column":50}},"10":{"start":{"line":43,"column":25},"end":{"line":43,"column":76}},"11":{"start":{"line":44,"column":4},"end":{"line":50,"column":5}},"12":{"start":{"line":45,"column":6},"end":{"line":45,"column":47}},"13":{"start":{"line":46,"column":6},"end":{"line":46,"column":56}},"14":{"start":{"line":48,"column":6},"end":{"line":48,"column":48}},"15":{"start":{"line":49,"column":6},"end":{"line":49,"column":43}},"16":{"start":{"line":54,"column":4},"end":{"line":60,"column":5}},"17":{"start":{"line":55,"column":25},"end":{"line":55,"column":49}},"18":{"start":{"line":56,"column":6},"end":{"line":56,"column":24}},"19":{"start":{"line":57,"column":6},"end":{"line":57,"column":53}},"20":{"start":{"line":58,"column":11},"end":{"line":60,"column":5}},"21":{"start":{"line":59,"column":6},"end":{"line":59,"column":42}},"22":{"start":{"line":64,"column":4},"end":{"line":151,"column":6}},"23":{"start":{"line":81,"column":12},"end":{"line":81,"column":31}},"24":{"start":{"line":82,"column":31},"end":{"line":82,"column":82}},"25":{"start":{"line":83,"column":34},"end":{"line":83,"column":88}},"26":{"start":{"line":84,"column":36},"end":{"line":84,"column":55}},"27":{"start":{"line":85,"column":12},"end":{"line":90,"column":13}},"28":{"start":{"line":86,"column":14},"end":{"line":88,"column":16}},"29":{"start":{"line":89,"column":14},"end":{"line":89,"column":21}},"30":{"start":{"line":91,"column":25},"end":{"line":94,"column":13}},"31":{"start":{"line":95,"column":12},"end":{"line":95,"column":41}},"32":{"start":{"line":155,"column":0},"end":{"line":155,"column":29}}},"fnMap":{"0":{"name":"(anonymous_0)","decl":{"start":{"line":15,"column":2},"end":{"line":15,"column":3}},"loc":{"start":{"line":15,"column":21},"end":{"line":25,"column":3}},"line":15},"1":{"name":"(anonymous_1)","decl":{"start":{"line":27,"column":2},"end":{"line":27,"column":3}},"loc":{"start":{"line":27,"column":22},"end":{"line":36,"column":3}},"line":27},"2":{"name":"(anonymous_2)","decl":{"start":{"line":38,"column":2},"end":{"line":38,"column":3}},"loc":{"start":{"line":38,"column":28},"end":{"line":40,"column":3}},"line":38},"3":{"name":"(anonymous_3)","decl":{"start":{"line":42,"column":2},"end":{"line":42,"column":3}},"loc":{"start":{"line":42,"column":15},"end":{"line":51,"column":3}},"line":42},"4":{"name":"(anonymous_4)","decl":{"start":{"line":53,"column":2},"end":{"line":53,"column":3}},"loc":{"start":{"line":53,"column":23},"end":{"line":61,"column":3}},"line":53},"5":{"name":"(anonymous_5)","decl":{"start":{"line":63,"column":2},"end":{"line":63,"column":3}},"loc":{"start":{"line":63,"column":11},"end":{"line":152,"column":3}},"line":63},"6":{"name":"(anonymous_6)","decl":{"start":{"line":80,"column":20},"end":{"line":80,"column":21}},"loc":{"start":{"line":80,"column":25},"end":{"line":96,"column":11}},"line":80}},"branchMap":{"0":{"loc":{"start":{"line":29,"column":4},"end":{"line":35,"column":5}},"type":"if","locations":[{"start":{"line":29,"column":4},"end":{"line":35,"column":5}},{"start":{"line":29,"column":4},"end":{"line":35,"column":5}}],"line":29},"1":{"loc":{"start":{"line":29,"column":8},"end":{"line":29,"column":91}},"type":"binary-expr","locations":[{"start":{"line":29,"column":8},"end":{"line":29,"column":32}},{"start":{"line":29,"column":36},"end":{"line":29,"column":65}},{"start":{"line":29,"column":69},"end":{"line":29,"column":91}}],"line":29},"2":{"loc":{"start":{"line":44,"column":4},"end":{"line":50,"column":5}},"type":"if","locations":[{"start":{"line":44,"column":4},"end":{"line":50,"column":5}},{"start":{"line":44,"column":4},"end":{"line":50,"column":5}}],"line":44},"3":{"loc":{"start":{"line":54,"column":4},"end":{"line":60,"column":5}},"type":"if","locations":[{"start":{"line":54,"column":4},"end":{"line":60,"column":5}},{"start":{"line":54,"column":4},"end":{"line":60,"column":5}}],"line":54},"4":{"loc":{"start":{"line":58,"column":11},"end":{"line":60,"column":5}},"type":"if","locations":[{"start":{"line":58,"column":11},"end":{"line":60,"column":5}},{"start":{"line":58,"column":11},"end":{"line":60,"column":5}}],"line":58},"5":{"loc":{"start":{"line":73,"column":9},"end":{"line":78,"column":16}},"type":"binary-expr","locations":[{"start":{"line":73,"column":9},"end":{"line":73,"column":37}},{"start":{"line":74,"column":10},"end":{"line":78,"column":16}}],"line":73},"6":{"loc":{"start":{"line":85,"column":12},"end":{"line":90,"column":13}},"type":"if","locations":[{"start":{"line":85,"column":12},"end":{"line":90,"column":13}},{"start":{"line":85,"column":12},"end":{"line":90,"column":13}}],"line":85},"7":{"loc":{"start":{"line":105,"column":18},"end":{"line":105,"column":112}},"type":"cond-expr","locations":[{"start":{"line":105,"column":49},"end":{"line":105,"column":85}},{"start":{"line":105,"column":88},"end":{"line":105,"column":112}}],"line":105},"8":{"loc":{"start":{"line":118,"column":18},"end":{"line":118,"column":112}},"type":"cond-expr","locations":[{"start":{"line":118,"column":49},"end":{"line":118,"column":85}},{"start":{"line":118,"column":88},"end":{"line":118,"column":112}}],"line":118},"9":{"loc":{"start":{"line":135,"column":27},"end":{"line":135,"column":79}},"type":"cond-expr","locations":[{"start":{"line":135,"column":65},"end":{"line":135,"column":74}},{"start":{"line":135,"column":77},"end":{"line":135,"column":79}}],"line":135},"10":{"loc":{"start":{"line":143,"column":33},"end":{"line":143,"column":91}},"type":"cond-expr","locations":[{"start":{"line":143,"column":65},"end":{"line":143,"column":86}},{"start":{"line":143,"column":89},"end":{"line":143,"column":91}}],"line":143}},"s":{"0":1,"1":9,"2":9,"3":9,"4":9,"5":9,"6":9,"7":9,"8":0,"9":0,"10":0,"11":0,"12":0,"13":0,"14":0,"15":0,"16":2,"17":2,"18":2,"19":2,"20":0,"21":0,"22":12,"23":0,"24":0,"25":0,"26":0,"27":0,"28":0,"29":0,"30":0,"31":0,"32":1},"f":{"0":9,"1":9,"2":0,"3":0,"4":2,"5":12,"6":0},"b":{"0":[0,9],"1":[9,0,0],"2":[0,0],"3":[2,0],"4":[0,0],"5":[12,12],"6":[0,0],"7":[12,0],"8":[12,0],"9":[0,12],"10":[1,11]},"_coverageSchema":"332fd63041d2c1bcb487cc26dd0d5f7d97098a6c","hash":"2a5d29f2b058192ae91057e0708d820aa1269b13"}
,"/Users/wduff/Documents/code/SmartAccess_v2/src/components/UserManagement/UserManagement.jsx": {"path":"/Users/wduff/Documents/code/SmartAccess_v2/src/components/UserManagement/UserManagement.jsx","statementMap":{"0":{"start":{"line":5,"column":23},"end":{"line":11,"column":1}},"1":{"start":{"line":6,"column":4},"end":{"line":10,"column":5}},"2":{"start":{"line":13,"column":0},"end":{"line":13,"column":30}}},"fnMap":{"0":{"name":"(anonymous_0)","decl":{"start":{"line":5,"column":23},"end":{"line":5,"column":24}},"loc":{"start":{"line":5,"column":29},"end":{"line":11,"column":1}},"line":5}},"branchMap":{},"s":{"0":1,"1":2,"2":1},"f":{"0":2},"b":{},"_coverageSchema":"332fd63041d2c1bcb487cc26dd0d5f7d97098a6c","hash":"81d27487ba191ae9e05b66148f03fa5a4248dd59"}
}
