TN:
SF:/Users/wduff/Documents/code/SmartAccess_v2/src/_reducers/HeaderReducer.es6
FN:3,(anonymous_0)
FNF:1
FNH:1
FNDA:2,(anonymous_0)
DA:3,1
DA:4,2
DA:6,1
DA:8,1
LF:4
LH:4
BRDA:3,0,0,1
BRDA:4,1,0,1
BRDA:4,1,1,1
BRF:3
BRH:3
end_of_record
TN:
SF:/Users/wduff/Documents/code/SmartAccess_v2/src/_reducers/PatientInfoReducer.es6
FN:1,_interopRequireWildcard
FN:1,_interopRequireDefault
FN:4,patientInfoReducer
FN:14,(anonymous_3)
FNF:4
FNH:0
FNDA:0,_interopRequireWildcard
FNDA:0,_interopRequireDefault
FNDA:0,patientInfoReducer
FNDA:0,(anonymous_3)
DA:1,0
DA:4,0
DA:5,0
DA:7,0
DA:10,0
DA:14,0
LF:6
LH:0
BRDA:1,0,0,0
BRDA:1,0,1,0
BRDA:1,1,0,0
BRDA:1,1,1,0
BRDA:1,2,0,0
BRDA:1,2,1,0
BRDA:1,3,0,0
BRDA:1,3,1,0
BRDA:1,4,0,0
BRDA:1,4,1,0
BRDA:1,5,0,0
BRDA:1,5,1,0
BRDA:4,6,0,0
BRDA:4,6,1,0
BRDA:4,7,0,0
BRDA:4,7,1,0
BRDA:5,8,0,0
BRDA:5,8,1,0
BRDA:14,9,0,0
BRDA:14,9,1,0
BRF:20
BRH:0
end_of_record
TN:
SF:/Users/wduff/Documents/code/SmartAccess_v2/src/_reducers/RouteReducer.es6
FN:2,_interopRequireDefault
FN:2,_interopRequireWildcard
FN:4,routeReducer
FN:14,(anonymous_3)
FNF:4
FNH:0
FNDA:0,_interopRequireDefault
FNDA:0,_interopRequireWildcard
FNDA:0,routeReducer
FNDA:0,(anonymous_3)
DA:1,0
DA:2,0
DA:4,0
DA:5,0
DA:7,0
DA:8,0
DA:10,0
DA:14,0
LF:8
LH:0
BRDA:2,0,0,0
BRDA:2,0,1,0
BRDA:2,1,0,0
BRDA:2,1,1,0
BRDA:2,2,0,0
BRDA:2,2,1,0
BRDA:2,3,0,0
BRDA:2,3,1,0
BRDA:2,4,0,0
BRDA:2,4,1,0
BRDA:2,5,0,0
BRDA:2,5,1,0
BRDA:4,6,0,0
BRDA:4,6,1,0
BRDA:4,7,0,0
BRDA:4,7,1,0
BRDA:5,8,0,0
BRDA:5,8,1,0
BRDA:14,9,0,0
BRDA:14,9,1,0
BRF:20
BRH:0
end_of_record
TN:
SF:/Users/wduff/Documents/code/SmartAccess_v2/src/_reducers/SessionReducer.es6
FN:4,(anonymous_0)
FNF:1
FNH:1
FNDA:11,(anonymous_0)
DA:4,1
DA:5,11
DA:7,1
DA:9,1
DA:11,1
DA:13,1
DA:15,1
DA:17,1
DA:19,1
DA:21,1
DA:23,0
DA:25,0
DA:26,0
DA:27,0
DA:28,0
DA:31,0
DA:32,0
DA:33,0
DA:34,0
DA:35,0
DA:38,1
DA:39,1
DA:42,1
DA:43,1
DA:46,1
LF:25
LH:15
BRDA:4,0,0,1
BRDA:5,1,0,1
BRDA:5,1,1,1
BRDA:5,1,2,1
BRDA:5,1,3,1
BRDA:5,1,4,1
BRDA:5,1,5,1
BRDA:5,1,6,1
BRDA:5,1,7,1
BRDA:5,1,8,0
BRDA:5,1,9,0
BRDA:5,1,10,0
BRDA:5,1,11,1
BRDA:5,1,12,1
BRDA:5,1,13,1
BRF:15
BRH:12
end_of_record
TN:
SF:/Users/wduff/Documents/code/SmartAccess_v2/src/_reducers/index.es6
FN:5,_interopRequireDefault
FN:13,(anonymous_1)
FNF:2
FNH:0
FNDA:0,_interopRequireDefault
FNDA:0,(anonymous_1)
DA:1,0
DA:2,0
DA:3,0
DA:4,0
DA:5,0
DA:6,0
DA:13,0
LF:7
LH:0
BRDA:5,0,0,0
BRDA:5,0,1,0
BRDA:5,1,0,0
BRDA:5,1,1,0
BRDA:13,2,0,0
BRDA:13,2,1,0
BRF:6
BRH:0
end_of_record
TN:
SF:/Users/wduff/Documents/code/SmartAccess_v2/src/actions/HeaderActions.es6
FN:1,_interopRequireWildcard
FN:1,_interopRequireDefault
FN:6,toggle_header
FN:13,(anonymous_3)
FNF:4
FNH:0
FNDA:0,_interopRequireWildcard
FNDA:0,_interopRequireDefault
FNDA:0,toggle_header
FNDA:0,(anonymous_3)
DA:1,0
DA:5,0
DA:6,0
DA:8,0
DA:13,0
LF:5
LH:0
BRDA:1,0,0,0
BRDA:1,0,1,0
BRDA:1,1,0,0
BRDA:1,1,1,0
BRDA:1,2,0,0
BRDA:1,2,1,0
BRDA:1,3,0,0
BRDA:1,3,1,0
BRDA:1,4,0,0
BRDA:1,4,1,0
BRDA:1,5,0,0
BRDA:1,5,1,0
BRDA:13,6,0,0
BRDA:13,6,1,0
BRF:14
BRH:0
end_of_record
TN:
SF:/Users/wduff/Documents/code/SmartAccess_v2/src/actions/PatientInfoActions.es6
FN:3,_interopRequireWildcard
FN:3,_interopRequireDefault
FN:7,getPatientInfo
FN:11,getPatientInfoSuccess
FN:18,getPatientInfo
FN:19,(anonymous_5)
FN:31,(anonymous_6)
FNF:7
FNH:0
FNDA:0,_interopRequireWildcard
FNDA:0,_interopRequireDefault
FNDA:0,getPatientInfo
FNDA:0,getPatientInfoSuccess
FNDA:0,getPatientInfo
FNDA:0,(anonymous_5)
FNDA:0,(anonymous_6)
DA:1,0
DA:2,0
DA:3,0
DA:5,0
DA:7,0
DA:11,0
DA:17,0
DA:19,0
DA:21,0
DA:23,0
DA:25,0
DA:31,0
LF:12
LH:0
BRDA:3,0,0,0
BRDA:3,0,1,0
BRDA:3,1,0,0
BRDA:3,1,1,0
BRDA:3,2,0,0
BRDA:3,2,1,0
BRDA:3,3,0,0
BRDA:3,3,1,0
BRDA:3,4,0,0
BRDA:3,4,1,0
BRDA:3,5,0,0
BRDA:3,5,1,0
BRDA:31,6,0,0
BRDA:31,6,1,0
BRF:14
BRH:0
end_of_record
TN:
SF:/Users/wduff/Documents/code/SmartAccess_v2/src/actions/SessionActions.es6
FN:10,(anonymous_0)
FN:13,(anonymous_1)
FN:16,(anonymous_2)
FN:20,(anonymous_3)
FN:24,(anonymous_4)
FN:28,(anonymous_5)
FN:32,(anonymous_6)
FN:36,(anonymous_7)
FN:40,(anonymous_8)
FN:44,(anonymous_9)
FN:48,(anonymous_10)
FN:52,(anonymous_11)
FN:56,(anonymous_12)
FN:60,(anonymous_13)
FN:64,(anonymous_14)
FN:68,(anonymous_15)
FN:74,(anonymous_16)
FN:75,(anonymous_17)
FN:83,(anonymous_18)
FN:84,(anonymous_19)
FN:92,(anonymous_20)
FN:93,(anonymous_21)
FN:100,(anonymous_22)
FN:101,(anonymous_23)
FNF:24
FNH:12
FNDA:0,(anonymous_0)
FNDA:0,(anonymous_1)
FNDA:1,(anonymous_2)
FNDA:1,(anonymous_3)
FNDA:1,(anonymous_4)
FNDA:1,(anonymous_5)
FNDA:1,(anonymous_6)
FNDA:1,(anonymous_7)
FNDA:1,(anonymous_8)
FNDA:1,(anonymous_9)
FNDA:0,(anonymous_10)
FNDA:1,(anonymous_11)
FNDA:0,(anonymous_12)
FNDA:1,(anonymous_13)
FNDA:1,(anonymous_14)
FNDA:1,(anonymous_15)
FNDA:0,(anonymous_16)
FNDA:0,(anonymous_17)
FNDA:0,(anonymous_18)
FNDA:0,(anonymous_19)
FNDA:0,(anonymous_20)
FNDA:0,(anonymous_21)
FNDA:0,(anonymous_22)
FNDA:0,(anonymous_23)
DA:9,1
DA:10,0
DA:13,0
DA:16,1
DA:20,1
DA:24,1
DA:28,1
DA:32,1
DA:36,1
DA:40,1
DA:44,1
DA:48,0
DA:52,1
DA:56,0
DA:60,1
DA:64,1
DA:68,1
DA:73,1
DA:75,0
DA:77,0
DA:78,0
DA:79,0
DA:80,0
DA:84,0
DA:85,0
DA:86,0
DA:87,0
DA:88,0
DA:93,0
DA:94,0
DA:95,0
DA:96,0
DA:97,0
DA:101,0
DA:102,0
DA:103,0
DA:104,0
LF:37
LH:14
BRF:0
BRH:0
end_of_record
TN:
SF:/Users/wduff/Documents/code/SmartAccess_v2/src/actions/routeActions.es6
FN:4,(anonymous_0)
FNF:1
FNH:0
FNDA:0,(anonymous_0)
DA:3,1
DA:4,0
LF:2
LH:1
BRF:0
BRH:0
end_of_record
TN:
SF:/Users/wduff/Documents/code/SmartAccess_v2/src/components/Alerts/Alerts.jsx
FN:4,(anonymous_0)
FNF:1
FNH:1
FNDA:8,(anonymous_0)
DA:4,1
DA:6,8
DA:12,8
LF:3
LH:3
BRF:0
BRH:0
end_of_record
TN:
SF:/Users/wduff/Documents/code/SmartAccess_v2/src/components/Alerts/index.es6
FN:1,_interopRequireDefault
FN:1,(anonymous_1)
FNF:2
FNH:0
FNDA:0,_interopRequireDefault
FNDA:0,(anonymous_1)
DA:1,0
LF:1
LH:0
BRDA:1,0,0,0
BRDA:1,0,1,0
BRDA:1,1,0,0
BRDA:1,1,1,0
BRDA:1,2,0,0
BRDA:1,2,1,0
BRF:6
BRH:0
end_of_record
TN:
SF:/Users/wduff/Documents/code/SmartAccess_v2/src/components/Body/Body.jsx
FN:6,(anonymous_0)
FNF:1
FNH:1
FNDA:2,(anonymous_0)
DA:6,1
DA:7,2
DA:11,2
LF:3
LH:3
BRF:0
BRH:0
end_of_record
TN:
SF:/Users/wduff/Documents/code/SmartAccess_v2/src/components/Body/index.es6
FN:1,_interopRequireDefault
FN:1,(anonymous_1)
FNF:2
FNH:0
FNDA:0,_interopRequireDefault
FNDA:0,(anonymous_1)
DA:1,0
LF:1
LH:0
BRDA:1,0,0,0
BRDA:1,0,1,0
BRDA:1,1,0,0
BRDA:1,1,1,0
BRDA:1,2,0,0
BRDA:1,2,1,0
BRF:6
BRH:0
end_of_record
TN:
SF:/Users/wduff/Documents/code/SmartAccess_v2/src/components/Confirm/Confirm.jsx
FN:5,(anonymous_0)
FNF:1
FNH:1
FNDA:2,(anonymous_0)
DA:5,1
DA:6,2
DA:13,1
LF:3
LH:3
BRF:0
BRH:0
end_of_record
TN:
SF:/Users/wduff/Documents/code/SmartAccess_v2/src/components/Confirm/index.es6
FN:1,_interopRequireDefault
FN:1,(anonymous_1)
FNF:2
FNH:0
FNDA:0,_interopRequireDefault
FNDA:0,(anonymous_1)
DA:1,0
LF:1
LH:0
BRDA:1,0,0,0
BRDA:1,0,1,0
BRDA:1,1,0,0
BRDA:1,1,1,0
BRDA:1,2,0,0
BRDA:1,2,1,0
BRF:6
BRH:0
end_of_record
TN:
SF:/Users/wduff/Documents/code/SmartAccess_v2/src/components/ConfirmPatientInfo/ConfirmPatientInfo.jsx
FN:11,(anonymous_0)
FNF:1
FNH:1
FNDA:2,(anonymous_0)
DA:11,1
DA:14,2
DA:38,1
LF:3
LH:3
BRF:0
BRH:0
end_of_record
TN:
SF:/Users/wduff/Documents/code/SmartAccess_v2/src/components/ConfirmPatientInfo/index.es6
FN:1,_interopRequireDefault
FN:1,(anonymous_1)
FNF:2
FNH:0
FNDA:0,_interopRequireDefault
FNDA:0,(anonymous_1)
DA:1,0
LF:1
LH:0
BRDA:1,0,0,0
BRDA:1,0,1,0
BRDA:1,1,0,0
BRDA:1,1,1,0
BRDA:1,2,0,0
BRDA:1,2,1,0
BRF:6
BRH:0
end_of_record
TN:
SF:/Users/wduff/Documents/code/SmartAccess_v2/src/components/Dashboard/Dashboard.jsx
FN:8,(anonymous_0)
FNF:1
FNH:1
FNDA:6,(anonymous_0)
DA:8,1
DA:9,6
DA:10,0
DA:12,6
DA:39,1
DA:46,1
LF:6
LH:5
BRDA:9,0,0,0
BRDA:9,0,1,6
BRDA:31,1,0,6
BRDA:31,1,1,2
BRDA:32,2,0,6
BRDA:32,2,1,2
BRF:6
BRH:5
end_of_record
TN:
SF:/Users/wduff/Documents/code/SmartAccess_v2/src/components/Footer/Footer.jsx
FN:6,(anonymous_0)
FNF:1
FNH:1
FNDA:2,(anonymous_0)
DA:6,1
DA:7,2
DA:11,2
LF:3
LH:3
BRF:0
BRH:0
end_of_record
TN:
SF:/Users/wduff/Documents/code/SmartAccess_v2/src/components/Footer/index.es6
FN:1,_interopRequireDefault
FN:1,(anonymous_1)
FNF:2
FNH:0
FNDA:0,_interopRequireDefault
FNDA:0,(anonymous_1)
DA:1,0
LF:1
LH:0
BRDA:1,0,0,0
BRDA:1,0,1,0
BRDA:1,1,0,0
BRDA:1,1,1,0
BRDA:1,2,0,0
BRDA:1,2,1,0
BRF:6
BRH:0
end_of_record
TN:
SF:/Users/wduff/Documents/code/SmartAccess_v2/src/components/Header/Header.jsx
FN:13,(anonymous_0)
FN:20,(anonymous_1)
FN:62,(anonymous_2)
FNF:3
FNH:2
FNDA:7,(anonymous_0)
FNDA:7,(anonymous_1)
FNDA:0,(anonymous_2)
DA:7,1
DA:14,7
DA:15,7
DA:22,7
DA:63,0
DA:64,0
DA:78,1
LF:7
LH:5
BRDA:23,0,0,0
BRDA:23,0,1,7
BRF:2
BRH:1
end_of_record
TN:
SF:/Users/wduff/Documents/code/SmartAccess_v2/src/components/Header/index.es6
FN:1,_interopRequireDefault
FN:1,(anonymous_1)
FNF:2
FNH:0
FNDA:0,_interopRequireDefault
FNDA:0,(anonymous_1)
DA:1,0
LF:1
LH:0
BRDA:1,0,0,0
BRDA:1,0,1,0
BRDA:1,1,0,0
BRDA:1,1,1,0
BRDA:1,2,0,0
BRDA:1,2,1,0
BRF:6
BRH:0
end_of_record
TN:
SF:/Users/wduff/Documents/code/SmartAccess_v2/src/components/HgStub/HgStub.jsx
FN:4,(anonymous_0)
FNF:1
FNH:1
FNDA:31,(anonymous_0)
DA:4,15
DA:5,31
DA:12,15
LF:3
LH:3
BRDA:7,0,0,31
BRDA:7,0,1,23
BRF:2
BRH:2
end_of_record
TN:
SF:/Users/wduff/Documents/code/SmartAccess_v2/src/components/Modal/ModalWrapper.jsx
FN:6,(anonymous_0)
FN:8,(anonymous_1)
FN:59,(anonymous_2)
FNF:3
FNH:3
FNDA:3,(anonymous_0)
FNDA:1,(anonymous_1)
FNDA:1,(anonymous_2)
DA:6,1
DA:8,3
DA:9,1
DA:14,3
DA:34,1
DA:53,1
LF:6
LH:6
BRDA:9,0,0,1
BRDA:9,0,1,0
BRF:2
BRH:1
end_of_record
TN:
SF:/Users/wduff/Documents/code/SmartAccess_v2/src/components/Modal/index.es6
FN:1,_interopRequireDefault
FN:1,(anonymous_1)
FNF:2
FNH:0
FNDA:0,_interopRequireDefault
FNDA:0,(anonymous_1)
DA:1,0
LF:1
LH:0
BRDA:1,0,0,0
BRDA:1,0,1,0
BRDA:1,1,0,0
BRDA:1,1,1,0
BRDA:1,2,0,0
BRDA:1,2,1,0
BRF:6
BRH:0
end_of_record
TN:
SF:/Users/wduff/Documents/code/SmartAccess_v2/src/components/Modal/components/logoutAreYouSure.jsx
FN:11,(anonymous_0)
FNF:1
FNH:1
FNDA:1,(anonymous_0)
DA:6,1
DA:11,1
DA:14,1
DA:35,1
LF:4
LH:4
BRF:0
BRH:0
end_of_record
TN:
SF:/Users/wduff/Documents/code/SmartAccess_v2/src/components/Navigation/Navigation.jsx
FN:7,(anonymous_0)
FNF:1
FNH:1
FNDA:2,(anonymous_0)
DA:7,1
DA:8,2
DA:13,2
LF:3
LH:3
BRF:0
BRH:0
end_of_record
TN:
SF:/Users/wduff/Documents/code/SmartAccess_v2/src/components/Navigation/index.es6
FN:1,_interopRequireDefault
FN:1,(anonymous_1)
FNF:2
FNH:0
FNDA:0,_interopRequireDefault
FNDA:0,(anonymous_1)
DA:1,0
LF:1
LH:0
BRDA:1,0,0,0
BRDA:1,0,1,0
BRDA:1,1,0,0
BRDA:1,1,1,0
BRDA:1,2,0,0
BRDA:1,2,1,0
BRF:6
BRH:0
end_of_record
TN:
SF:/Users/wduff/Documents/code/SmartAccess_v2/src/components/NotFound/NotFound.jsx
FN:3,(anonymous_0)
FNF:1
FNH:1
FNDA:2,(anonymous_0)
DA:3,1
DA:4,2
DA:11,1
LF:3
LH:3
BRF:0
BRH:0
end_of_record
TN:
SF:/Users/wduff/Documents/code/SmartAccess_v2/src/components/PatientAppointments/PatientAppointments.jsx
FN:7,(anonymous_0)
FN:13,(anonymous_1)
FN:17,(anonymous_2)
FN:47,(anonymous_3)
FN:59,(anonymous_4)
FN:76,(anonymous_5)
FN:88,(anonymous_6)
FNF:7
FNH:7
FNDA:9,(anonymous_0)
FNDA:25,(anonymous_1)
FNDA:25,(anonymous_2)
FNDA:5,(anonymous_3)
FNDA:10,(anonymous_4)
FNDA:5,(anonymous_5)
FNDA:15,(anonymous_6)
DA:7,3
DA:8,9
DA:13,9
DA:14,25
DA:17,9
DA:18,25
DA:21,9
DA:47,3
DA:48,5
DA:51,5
DA:60,10
DA:76,3
DA:77,5
DA:80,5
DA:89,15
LF:15
LH:15
BRDA:25,0,0,9
BRDA:25,0,1,2
BRDA:39,1,0,9
BRDA:39,1,1,5
BRDA:40,2,0,9
BRDA:40,2,1,5
BRF:6
BRH:6
end_of_record
TN:
SF:/Users/wduff/Documents/code/SmartAccess_v2/src/components/PatientInfo/PatientInfo.jsx
FN:12,(anonymous_0)
FNF:1
FNH:1
FNDA:2,(anonymous_0)
DA:12,3
DA:13,2
DA:18,2
LF:3
LH:3
BRF:0
BRH:0
end_of_record
TN:
SF:/Users/wduff/Documents/code/SmartAccess_v2/src/components/PatientNotes/PatientNotes.jsx
FN:6,(anonymous_0)
FN:12,(anonymous_1)
FN:37,(anonymous_2)
FNF:3
FNH:2
FNDA:2,(anonymous_0)
FNDA:2,(anonymous_1)
FNDA:0,(anonymous_2)
DA:6,3
DA:7,2
DA:12,2
DA:13,2
DA:15,2
DA:17,2
DA:38,0
DA:57,3
LF:8
LH:7
BRDA:22,0,0,2
BRDA:22,0,1,2
BRF:2
BRH:2
end_of_record
TN:
SF:/Users/wduff/Documents/code/SmartAccess_v2/src/components/PatientTabs/PatientTabs.jsx
FN:11,(anonymous_0)
FN:18,(anonymous_1)
FN:40,(anonymous_2)
FN:41,(anonymous_3)
FN:42,(anonymous_4)
FNF:5
FNH:2
FNDA:4,(anonymous_0)
FNDA:4,(anonymous_1)
FNDA:0,(anonymous_2)
FNDA:0,(anonymous_3)
FNDA:0,(anonymous_4)
DA:11,2
DA:12,4
DA:18,4
DA:19,4
DA:21,4
DA:24,4
DA:40,0
DA:41,0
DA:42,0
LF:9
LH:6
BRF:0
BRH:0
end_of_record
TN:
SF:/Users/wduff/Documents/code/SmartAccess_v2/src/components/PatientTabs/index.es6
FN:1,_interopRequireDefault
FN:1,(anonymous_1)
FNF:2
FNH:0
FNDA:0,_interopRequireDefault
FNDA:0,(anonymous_1)
DA:1,0
LF:1
LH:0
BRDA:1,0,0,0
BRDA:1,0,1,0
BRDA:1,1,0,0
BRDA:1,1,1,0
BRDA:1,2,0,0
BRDA:1,2,1,0
BRF:6
BRH:0
end_of_record
TN:
SF:/Users/wduff/Documents/code/SmartAccess_v2/src/components/ResetPassword/ResetPassword.jsx
FN:10,(anonymous_0)
FNF:1
FNH:1
FNDA:2,(anonymous_0)
DA:10,1
DA:11,2
DA:33,1
LF:3
LH:3
BRF:0
BRH:0
end_of_record
TN:
SF:/Users/wduff/Documents/code/SmartAccess_v2/src/components/ResetPasswordConfirm/ResetPasswordConfirm.jsx
FN:8,(anonymous_0)
FNF:1
FNH:1
FNDA:2,(anonymous_0)
DA:8,1
DA:9,2
DA:26,1
LF:3
LH:3
BRF:0
BRH:0
end_of_record
TN:
SF:/Users/wduff/Documents/code/SmartAccess_v2/src/components/SearchAndCalendar/SearchAndCalendar.jsx
FN:5,(anonymous_0)
FNF:1
FNH:1
FNDA:2,(anonymous_0)
DA:5,1
DA:6,2
DA:13,1
LF:3
LH:3
BRF:0
BRH:0
end_of_record
TN:
SF:/Users/wduff/Documents/code/SmartAccess_v2/src/components/SearchAndCalendar/index.es6
FN:1,_interopRequireDefault
FN:1,(anonymous_1)
FNF:2
FNH:0
FNDA:0,_interopRequireDefault
FNDA:0,(anonymous_1)
DA:1,0
LF:1
LH:0
BRDA:1,0,0,0
BRDA:1,0,1,0
BRDA:1,1,0,0
BRDA:1,1,1,0
BRDA:1,2,0,0
BRDA:1,2,1,0
BRF:6
BRH:0
end_of_record
TN:
SF:/Users/wduff/Documents/code/SmartAccess_v2/src/components/SearchPatient/SearchPatient.jsx
FN:6,(anonymous_0)
FNF:1
FNH:1
FNDA:2,(anonymous_0)
DA:6,1
DA:7,2
DA:15,1
LF:3
LH:3
BRF:0
BRH:0
end_of_record
TN:
SF:/Users/wduff/Documents/code/SmartAccess_v2/src/components/SignOn/SignOn.jsx
FN:15,(anonymous_0)
FN:25,(anonymous_1)
FN:35,(anonymous_2)
FN:39,(anonymous_3)
FN:50,(anonymous_4)
FN:67,(anonymous_5)
FNF:6
FNH:3
FNDA:8,(anonymous_0)
FNDA:8,(anonymous_1)
FNDA:0,(anonymous_2)
FNDA:0,(anonymous_3)
FNDA:8,(anonymous_4)
FNDA:0,(anonymous_5)
DA:8,1
DA:16,8
DA:17,8
DA:21,8
DA:22,8
DA:26,8
DA:27,8
DA:28,0
DA:36,0
DA:40,0
DA:41,0
DA:42,0
DA:43,0
DA:45,0
DA:46,0
DA:51,8
DA:68,0
DA:69,0
DA:70,0
DA:71,0
DA:72,0
DA:73,0
DA:76,0
DA:78,0
DA:82,0
DA:136,1
LF:26
LH:9
BRDA:27,0,0,0
BRDA:27,0,1,8
BRDA:27,1,0,8
BRDA:27,1,1,0
BRDA:27,1,2,0
BRDA:41,2,0,0
BRDA:41,2,1,0
BRDA:60,3,0,8
BRDA:60,3,1,0
BRDA:72,4,0,0
BRDA:72,4,1,0
BRDA:90,5,0,0
BRDA:90,5,1,8
BRDA:118,6,0,0
BRDA:118,6,1,8
BRF:15
BRH:5
end_of_record
TN:
SF:/Users/wduff/Documents/code/SmartAccess_v2/src/components/UserManagement/UserManagement.jsx
FN:5,(anonymous_0)
FNF:1
FNH:1
FNDA:2,(anonymous_0)
DA:5,1
DA:6,2
DA:13,1
LF:3
LH:3
BRF:0
BRH:0
end_of_record
